::1 - - [23/Apr/2021:19:47:23 +0900] "GET /phpmyadmin HTTP/1.1" 301 335 "-" "Mozilla/5.0 (Windows NT 10.0; Win64; x64) AppleWebKit/537.36 (KHTML, like Gecko) Chrome/90.0.4430.85 Safari/537.36"
::1 - - [23/Apr/2021:19:47:23 +0900] "GET /phpmyadmin/ HTTP/1.1" 200 17332 "-" "Mozilla/5.0 (Windows NT 10.0; Win64; x64) AppleWebKit/537.36 (KHTML, like Gecko) Chrome/90.0.4430.85 Safari/537.36"
::1 - - [23/Apr/2021:19:47:26 +0900] "GET /phpmyadmin/themes/pmahomme/jquery/jquery-ui.css HTTP/1.1" 200 36566 "-" "Mozilla/5.0 (Windows NT 10.0; Win64; x64) AppleWebKit/537.36 (KHTML, like Gecko) Chrome/90.0.4430.85 Safari/537.36"
::1 - - [23/Apr/2021:19:47:26 +0900] "GET /phpmyadmin/js/vendor/codemirror/addon/hint/show-hint.css?v=5.1.0 HTTP/1.1" 200 623 "-" "Mozilla/5.0 (Windows NT 10.0; Win64; x64) AppleWebKit/537.36 (KHTML, like Gecko) Chrome/90.0.4430.85 Safari/537.36"
::1 - - [23/Apr/2021:19:47:26 +0900] "GET /phpmyadmin/js/vendor/codemirror/lib/codemirror.css?v=5.1.0 HTTP/1.1" 200 8728 "-" "Mozilla/5.0 (Windows NT 10.0; Win64; x64) AppleWebKit/537.36 (KHTML, like Gecko) Chrome/90.0.4430.85 Safari/537.36"
::1 - - [23/Apr/2021:19:47:26 +0900] "GET /phpmyadmin/js/vendor/jquery/jquery-migrate.js?v=5.1.0 HTTP/1.1" 200 25300 "-" "Mozilla/5.0 (Windows NT 10.0; Win64; x64) AppleWebKit/537.36 (KHTML, like Gecko) Chrome/90.0.4430.85 Safari/537.36"
::1 - - [23/Apr/2021:19:47:26 +0900] "GET /phpmyadmin/js/vendor/sprintf.js?v=5.1.0 HTTP/1.1" 200 7409 "-" "Mozilla/5.0 (Windows NT 10.0; Win64; x64) AppleWebKit/537.36 (KHTML, like Gecko) Chrome/90.0.4430.85 Safari/537.36"
::1 - - [23/Apr/2021:19:47:26 +0900] "GET /phpmyadmin/js/dist/ajax.js?v=5.1.0 HTTP/1.1" 200 31313 "-" "Mozilla/5.0 (Windows NT 10.0; Win64; x64) AppleWebKit/537.36 (KHTML, like Gecko) Chrome/90.0.4430.85 Safari/537.36"
::1 - - [23/Apr/2021:19:47:26 +0900] "GET /phpmyadmin/themes/pmahomme/css/theme.css?v=5.1.0&nocache=6247129122ltr&server=1 HTTP/1.1" 200 214806 "-" "Mozilla/5.0 (Windows NT 10.0; Win64; x64) AppleWebKit/537.36 (KHTML, like Gecko) Chrome/90.0.4430.85 Safari/537.36"
::1 - - [23/Apr/2021:19:47:26 +0900] "GET /phpmyadmin/js/dist/keyhandler.js?v=5.1.0 HTTP/1.1" 200 3003 "-" "Mozilla/5.0 (Windows NT 10.0; Win64; x64) AppleWebKit/537.36 (KHTML, like Gecko) Chrome/90.0.4430.85 Safari/537.36"
::1 - - [23/Apr/2021:19:47:26 +0900] "GET /phpmyadmin/js/vendor/jquery/jquery.min.js?v=5.1.0 HTTP/1.1" 200 89476 "-" "Mozilla/5.0 (Windows NT 10.0; Win64; x64) AppleWebKit/537.36 (KHTML, like Gecko) Chrome/90.0.4430.85 Safari/537.36"
::1 - - [23/Apr/2021:19:47:26 +0900] "GET /phpmyadmin/js/vendor/js.cookie.js?v=5.1.0 HTTP/1.1" 200 3883 "-" "Mozilla/5.0 (Windows NT 10.0; Win64; x64) AppleWebKit/537.36 (KHTML, like Gecko) Chrome/90.0.4430.85 Safari/537.36"
::1 - - [23/Apr/2021:19:47:26 +0900] "GET /phpmyadmin/js/vendor/bootstrap/bootstrap.bundle.min.js?v=5.1.0 HTTP/1.1" 200 84152 "-" "Mozilla/5.0 (Windows NT 10.0; Win64; x64) AppleWebKit/537.36 (KHTML, like Gecko) Chrome/90.0.4430.85 Safari/537.36"
::1 - - [23/Apr/2021:19:47:26 +0900] "GET /phpmyadmin/js/vendor/codemirror/addon/lint/lint.css?v=5.1.0 HTTP/1.1" 200 2878 "-" "Mozilla/5.0 (Windows NT 10.0; Win64; x64) AppleWebKit/537.36 (KHTML, like Gecko) Chrome/90.0.4430.85 Safari/537.36"
::1 - - [23/Apr/2021:19:47:26 +0900] "GET /phpmyadmin/js/vendor/jquery/jquery.mousewheel.js?v=5.1.0 HTTP/1.1" 200 8267 "-" "Mozilla/5.0 (Windows NT 10.0; Win64; x64) AppleWebKit/537.36 (KHTML, like Gecko) Chrome/90.0.4430.85 Safari/537.36"
::1 - - [23/Apr/2021:19:47:26 +0900] "GET /phpmyadmin/js/vendor/jquery/jquery.event.drag-2.2.js?v=5.1.0 HTTP/1.1" 200 13469 "-" "Mozilla/5.0 (Windows NT 10.0; Win64; x64) AppleWebKit/537.36 (KHTML, like Gecko) Chrome/90.0.4430.85 Safari/537.36"
::1 - - [23/Apr/2021:19:47:26 +0900] "GET /phpmyadmin/js/vendor/jquery/jquery.validate.js?v=5.1.0 HTTP/1.1" 200 50963 "-" "Mozilla/5.0 (Windows NT 10.0; Win64; x64) AppleWebKit/537.36 (KHTML, like Gecko) Chrome/90.0.4430.85 Safari/537.36"
::1 - - [23/Apr/2021:19:47:26 +0900] "GET /phpmyadmin/js/vendor/jquery/jquery.ba-hashchange-2.0.js?v=5.1.0 HTTP/1.1" 200 10505 "-" "Mozilla/5.0 (Windows NT 10.0; Win64; x64) AppleWebKit/537.36 (KHTML, like Gecko) Chrome/90.0.4430.85 Safari/537.36"
::1 - - [23/Apr/2021:19:47:26 +0900] "GET /phpmyadmin/js/vendor/jquery/jquery-ui-timepicker-addon.js?v=5.1.0 HTTP/1.1" 200 78475 "-" "Mozilla/5.0 (Windows NT 10.0; Win64; x64) AppleWebKit/537.36 (KHTML, like Gecko) Chrome/90.0.4430.85 Safari/537.36"
::1 - - [23/Apr/2021:19:47:26 +0900] "GET /phpmyadmin/js/vendor/jquery/jquery.debounce-1.0.6.js?v=5.1.0 HTTP/1.1" 200 1608 "-" "Mozilla/5.0 (Windows NT 10.0; Win64; x64) AppleWebKit/537.36 (KHTML, like Gecko) Chrome/90.0.4430.85 Safari/537.36"
::1 - - [23/Apr/2021:19:47:26 +0900] "GET /phpmyadmin/js/dist/menu_resizer.js?v=5.1.0 HTTP/1.1" 200 5644 "-" "Mozilla/5.0 (Windows NT 10.0; Win64; x64) AppleWebKit/537.36 (KHTML, like Gecko) Chrome/90.0.4430.85 Safari/537.36"
::1 - - [23/Apr/2021:19:47:26 +0900] "GET /phpmyadmin/js/dist/cross_framing_protection.js?v=5.1.0 HTTP/1.1" 200 419 "-" "Mozilla/5.0 (Windows NT 10.0; Win64; x64) AppleWebKit/537.36 (KHTML, like Gecko) Chrome/90.0.4430.85 Safari/537.36"
::1 - - [23/Apr/2021:19:47:26 +0900] "GET /phpmyadmin/js/vendor/jquery/jquery-ui.min.js?v=5.1.0 HTTP/1.1" 200 253669 "-" "Mozilla/5.0 (Windows NT 10.0; Win64; x64) AppleWebKit/537.36 (KHTML, like Gecko) Chrome/90.0.4430.85 Safari/537.36"
::1 - - [23/Apr/2021:19:47:26 +0900] "GET /phpmyadmin/js/dist/rte.js?v=5.1.0 HTTP/1.1" 200 39947 "-" "Mozilla/5.0 (Windows NT 10.0; Win64; x64) AppleWebKit/537.36 (KHTML, like Gecko) Chrome/90.0.4430.85 Safari/537.36"
::1 - - [23/Apr/2021:19:47:26 +0900] "GET /phpmyadmin/js/vendor/tracekit.js?v=5.1.0 HTTP/1.1" 200 45389 "-" "Mozilla/5.0 (Windows NT 10.0; Win64; x64) AppleWebKit/537.36 (KHTML, like Gecko) Chrome/90.0.4430.85 Safari/537.36"
::1 - - [23/Apr/2021:19:47:26 +0900] "GET /phpmyadmin/js/dist/error_report.js?v=5.1.0 HTTP/1.1" 200 9621 "-" "Mozilla/5.0 (Windows NT 10.0; Win64; x64) AppleWebKit/537.36 (KHTML, like Gecko) Chrome/90.0.4430.85 Safari/537.36"
::1 - - [23/Apr/2021:19:47:26 +0900] "GET /phpmyadmin/js/dist/config.js?v=5.1.0 HTTP/1.1" 200 24956 "-" "Mozilla/5.0 (Windows NT 10.0; Win64; x64) AppleWebKit/537.36 (KHTML, like Gecko) Chrome/90.0.4430.85 Safari/537.36"
::1 - - [23/Apr/2021:19:47:26 +0900] "GET /phpmyadmin/js/dist/doclinks.js?v=5.1.0 HTTP/1.1" 200 18275 "-" "Mozilla/5.0 (Windows NT 10.0; Win64; x64) AppleWebKit/537.36 (KHTML, like Gecko) Chrome/90.0.4430.85 Safari/537.36"
::1 - - [23/Apr/2021:19:47:26 +0900] "GET /phpmyadmin/js/dist/common.js?v=5.1.0 HTTP/1.1" 200 4367 "-" "Mozilla/5.0 (Windows NT 10.0; Win64; x64) AppleWebKit/537.36 (KHTML, like Gecko) Chrome/90.0.4430.85 Safari/537.36"
::1 - - [23/Apr/2021:19:47:26 +0900] "GET /phpmyadmin/js/dist/navigation.js?v=5.1.0 HTTP/1.1" 200 53993 "-" "Mozilla/5.0 (Windows NT 10.0; Win64; x64) AppleWebKit/537.36 (KHTML, like Gecko) Chrome/90.0.4430.85 Safari/537.36"
::1 - - [23/Apr/2021:19:47:26 +0900] "GET /phpmyadmin/js/dist/indexes.js?v=5.1.0 HTTP/1.1" 200 26344 "-" "Mozilla/5.0 (Windows NT 10.0; Win64; x64) AppleWebKit/537.36 (KHTML, like Gecko) Chrome/90.0.4430.85 Safari/537.36"
::1 - - [23/Apr/2021:19:47:26 +0900] "GET /phpmyadmin/js/dist/page_settings.js?v=5.1.0 HTTP/1.1" 200 1568 "-" "Mozilla/5.0 (Windows NT 10.0; Win64; x64) AppleWebKit/537.36 (KHTML, like Gecko) Chrome/90.0.4430.85 Safari/537.36"
::1 - - [23/Apr/2021:19:47:26 +0900] "GET /phpmyadmin/js/dist/shortcuts_handler.js?v=5.1.0 HTTP/1.1" 200 3306 "-" "Mozilla/5.0 (Windows NT 10.0; Win64; x64) AppleWebKit/537.36 (KHTML, like Gecko) Chrome/90.0.4430.85 Safari/537.36"
::1 - - [23/Apr/2021:19:47:26 +0900] "GET /phpmyadmin/js/dist/drag_drop_import.js?v=5.1.0 HTTP/1.1" 200 12308 "-" "Mozilla/5.0 (Windows NT 10.0; Win64; x64) AppleWebKit/537.36 (KHTML, like Gecko) Chrome/90.0.4430.85 Safari/537.36"
::1 - - [23/Apr/2021:19:47:26 +0900] "GET /phpmyadmin/js/dist/functions.js?v=5.1.0 HTTP/1.1" 200 161199 "-" "Mozilla/5.0 (Windows NT 10.0; Win64; x64) AppleWebKit/537.36 (KHTML, like Gecko) Chrome/90.0.4430.85 Safari/537.36"
::1 - - [23/Apr/2021:19:47:26 +0900] "GET /phpmyadmin/js/vendor/codemirror/addon/runmode/runmode.js?v=5.1.0 HTTP/1.1" 200 2767 "-" "Mozilla/5.0 (Windows NT 10.0; Win64; x64) AppleWebKit/537.36 (KHTML, like Gecko) Chrome/90.0.4430.85 Safari/537.36"
::1 - - [23/Apr/2021:19:47:26 +0900] "GET /phpmyadmin/js/vendor/codemirror/mode/sql/sql.js?v=5.1.0 HTTP/1.1" 200 47998 "-" "Mozilla/5.0 (Windows NT 10.0; Win64; x64) AppleWebKit/537.36 (KHTML, like Gecko) Chrome/90.0.4430.85 Safari/537.36"
::1 - - [23/Apr/2021:19:47:26 +0900] "GET /phpmyadmin/js/vendor/codemirror/addon/hint/show-hint.js?v=5.1.0 HTTP/1.1" 200 18948 "-" "Mozilla/5.0 (Windows NT 10.0; Win64; x64) AppleWebKit/537.36 (KHTML, like Gecko) Chrome/90.0.4430.85 Safari/537.36"
::1 - - [23/Apr/2021:19:47:26 +0900] "GET /phpmyadmin/js/vendor/codemirror/addon/hint/sql-hint.js?v=5.1.0 HTTP/1.1" 200 9604 "-" "Mozilla/5.0 (Windows NT 10.0; Win64; x64) AppleWebKit/537.36 (KHTML, like Gecko) Chrome/90.0.4430.85 Safari/537.36"
::1 - - [23/Apr/2021:19:47:26 +0900] "GET /phpmyadmin/js/vendor/codemirror/addon/lint/lint.js?v=5.1.0 HTTP/1.1" 200 9125 "-" "Mozilla/5.0 (Windows NT 10.0; Win64; x64) AppleWebKit/537.36 (KHTML, like Gecko) Chrome/90.0.4430.85 Safari/537.36"
::1 - - [23/Apr/2021:19:47:26 +0900] "GET /phpmyadmin/js/dist/codemirror/addon/lint/sql-lint.js?v=5.1.0 HTTP/1.1" 200 959 "-" "Mozilla/5.0 (Windows NT 10.0; Win64; x64) AppleWebKit/537.36 (KHTML, like Gecko) Chrome/90.0.4430.85 Safari/537.36"
::1 - - [23/Apr/2021:19:47:26 +0900] "GET /phpmyadmin/js/dist/console.js?v=5.1.0 HTTP/1.1" 200 49656 "-" "Mozilla/5.0 (Windows NT 10.0; Win64; x64) AppleWebKit/537.36 (KHTML, like Gecko) Chrome/90.0.4430.85 Safari/537.36"
::1 - - [23/Apr/2021:19:47:26 +0900] "GET /phpmyadmin/js/vendor/codemirror/lib/codemirror.js?v=5.1.0 HTTP/1.1" 200 398241 "-" "Mozilla/5.0 (Windows NT 10.0; Win64; x64) AppleWebKit/537.36 (KHTML, like Gecko) Chrome/90.0.4430.85 Safari/537.36"
::1 - - [23/Apr/2021:19:47:26 +0900] "GET /phpmyadmin/themes/pmahomme/img/logo_left.png HTTP/1.1" 200 2713 "-" "Mozilla/5.0 (Windows NT 10.0; Win64; x64) AppleWebKit/537.36 (KHTML, like Gecko) Chrome/90.0.4430.85 Safari/537.36"
::1 - - [23/Apr/2021:19:47:26 +0900] "GET /phpmyadmin/themes/dot.gif HTTP/1.1" 200 43 "-" "Mozilla/5.0 (Windows NT 10.0; Win64; x64) AppleWebKit/537.36 (KHTML, like Gecko) Chrome/90.0.4430.85 Safari/537.36"
::1 - - [23/Apr/2021:19:47:26 +0900] "GET /phpmyadmin/themes/pmahomme/css/printview.css?v=5.1.0 HTTP/1.1" 200 1392 "-" "Mozilla/5.0 (Windows NT 10.0; Win64; x64) AppleWebKit/537.36 (KHTML, like Gecko) Chrome/90.0.4430.85 Safari/537.36"
::1 - - [23/Apr/2021:19:47:26 +0900] "GET /phpmyadmin/js/messages.php?l=ja&v=5.1.0&lang=ja HTTP/1.1" 200 10441 "-" "Mozilla/5.0 (Windows NT 10.0; Win64; x64) AppleWebKit/537.36 (KHTML, like Gecko) Chrome/90.0.4430.85 Safari/537.36"
::1 - - [23/Apr/2021:19:47:27 +0900] "GET /phpmyadmin/themes/pmahomme/img/b_sqlhelp.png HTTP/1.1" 200 512 "http://localhost/phpmyadmin/themes/pmahomme/css/theme.css?v=5.1.0&nocache=6247129122ltr&server=1" "Mozilla/5.0 (Windows NT 10.0; Win64; x64) AppleWebKit/537.36 (KHTML, like Gecko) Chrome/90.0.4430.85 Safari/537.36"
::1 - - [23/Apr/2021:19:47:27 +0900] "GET /phpmyadmin/themes/pmahomme/img/s_cog.png HTTP/1.1" 200 442 "http://localhost/phpmyadmin/themes/pmahomme/css/theme.css?v=5.1.0&nocache=6247129122ltr&server=1" "Mozilla/5.0 (Windows NT 10.0; Win64; x64) AppleWebKit/537.36 (KHTML, like Gecko) Chrome/90.0.4430.85 Safari/537.36"
::1 - - [23/Apr/2021:19:47:27 +0900] "GET /phpmyadmin/themes/pmahomme/img/left_nav_bg.png HTTP/1.1" 200 146 "http://localhost/phpmyadmin/themes/pmahomme/css/theme.css?v=5.1.0&nocache=6247129122ltr&server=1" "Mozilla/5.0 (Windows NT 10.0; Win64; x64) AppleWebKit/537.36 (KHTML, like Gecko) Chrome/90.0.4430.85 Safari/537.36"
::1 - - [23/Apr/2021:19:47:27 +0900] "GET /phpmyadmin/themes/pmahomme/img/b_docs.png HTTP/1.1" 200 705 "http://localhost/phpmyadmin/themes/pmahomme/css/theme.css?v=5.1.0&nocache=6247129122ltr&server=1" "Mozilla/5.0 (Windows NT 10.0; Win64; x64) AppleWebKit/537.36 (KHTML, like Gecko) Chrome/90.0.4430.85 Safari/537.36"
::1 - - [23/Apr/2021:19:47:27 +0900] "GET /phpmyadmin/themes/pmahomme/img/s_loggoff.png HTTP/1.1" 200 626 "http://localhost/phpmyadmin/themes/pmahomme/css/theme.css?v=5.1.0&nocache=6247129122ltr&server=1" "Mozilla/5.0 (Windows NT 10.0; Win64; x64) AppleWebKit/537.36 (KHTML, like Gecko) Chrome/90.0.4430.85 Safari/537.36"
::1 - - [23/Apr/2021:19:47:27 +0900] "GET /phpmyadmin/themes/pmahomme/img/b_home.png HTTP/1.1" 200 734 "http://localhost/phpmyadmin/themes/pmahomme/css/theme.css?v=5.1.0&nocache=6247129122ltr&server=1" "Mozilla/5.0 (Windows NT 10.0; Win64; x64) AppleWebKit/537.36 (KHTML, like Gecko) Chrome/90.0.4430.85 Safari/537.36"
::1 - - [23/Apr/2021:19:47:27 +0900] "GET /phpmyadmin/themes/pmahomme/img/s_link.png HTTP/1.1" 200 280 "http://localhost/phpmyadmin/themes/pmahomme/css/theme.css?v=5.1.0&nocache=6247129122ltr&server=1" "Mozilla/5.0 (Windows NT 10.0; Win64; x64) AppleWebKit/537.36 (KHTML, like Gecko) Chrome/90.0.4430.85 Safari/537.36"
::1 - - [23/Apr/2021:19:47:27 +0900] "GET /phpmyadmin/themes/pmahomme/img/s_reload.png HTTP/1.1" 200 527 "http://localhost/phpmyadmin/themes/pmahomme/css/theme.css?v=5.1.0&nocache=6247129122ltr&server=1" "Mozilla/5.0 (Windows NT 10.0; Win64; x64) AppleWebKit/537.36 (KHTML, like Gecko) Chrome/90.0.4430.85 Safari/537.36"
::1 - - [23/Apr/2021:19:47:27 +0900] "GET /phpmyadmin/themes/pmahomme/img/b_newdb.png HTTP/1.1" 200 585 "http://localhost/phpmyadmin/themes/pmahomme/css/theme.css?v=5.1.0&nocache=6247129122ltr&server=1" "Mozilla/5.0 (Windows NT 10.0; Win64; x64) AppleWebKit/537.36 (KHTML, like Gecko) Chrome/90.0.4430.85 Safari/537.36"
::1 - - [23/Apr/2021:19:47:27 +0900] "GET /phpmyadmin/themes/pmahomme/img/b_plus.png HTTP/1.1" 200 143 "http://localhost/phpmyadmin/themes/pmahomme/css/theme.css?v=5.1.0&nocache=6247129122ltr&server=1" "Mozilla/5.0 (Windows NT 10.0; Win64; x64) AppleWebKit/537.36 (KHTML, like Gecko) Chrome/90.0.4430.85 Safari/537.36"
::1 - - [23/Apr/2021:19:47:27 +0900] "GET /phpmyadmin/themes/pmahomme/img/s_db.png HTTP/1.1" 200 328 "http://localhost/phpmyadmin/themes/pmahomme/css/theme.css?v=5.1.0&nocache=6247129122ltr&server=1" "Mozilla/5.0 (Windows NT 10.0; Win64; x64) AppleWebKit/537.36 (KHTML, like Gecko) Chrome/90.0.4430.85 Safari/537.36"
::1 - - [23/Apr/2021:19:47:27 +0900] "GET /phpmyadmin/themes/pmahomme/img/s_host.png HTTP/1.1" 200 591 "http://localhost/phpmyadmin/themes/pmahomme/css/theme.css?v=5.1.0&nocache=6247129122ltr&server=1" "Mozilla/5.0 (Windows NT 10.0; Win64; x64) AppleWebKit/537.36 (KHTML, like Gecko) Chrome/90.0.4430.85 Safari/537.36"
::1 - - [23/Apr/2021:19:47:27 +0900] "GET /phpmyadmin/themes/pmahomme/img/s_status.png HTTP/1.1" 200 600 "http://localhost/phpmyadmin/themes/pmahomme/css/theme.css?v=5.1.0&nocache=6247129122ltr&server=1" "Mozilla/5.0 (Windows NT 10.0; Win64; x64) AppleWebKit/537.36 (KHTML, like Gecko) Chrome/90.0.4430.85 Safari/537.36"
::1 - - [23/Apr/2021:19:47:27 +0900] "GET /phpmyadmin/themes/pmahomme/img/b_sql.png HTTP/1.1" 200 680 "http://localhost/phpmyadmin/themes/pmahomme/css/theme.css?v=5.1.0&nocache=6247129122ltr&server=1" "Mozilla/5.0 (Windows NT 10.0; Win64; x64) AppleWebKit/537.36 (KHTML, like Gecko) Chrome/90.0.4430.85 Safari/537.36"
::1 - - [23/Apr/2021:19:47:27 +0900] "GET /phpmyadmin/themes/pmahomme/img/s_rights.png HTTP/1.1" 200 461 "http://localhost/phpmyadmin/themes/pmahomme/css/theme.css?v=5.1.0&nocache=6247129122ltr&server=1" "Mozilla/5.0 (Windows NT 10.0; Win64; x64) AppleWebKit/537.36 (KHTML, like Gecko) Chrome/90.0.4430.85 Safari/537.36"
::1 - - [23/Apr/2021:19:47:27 +0900] "GET /phpmyadmin/themes/pmahomme/img/b_export.png HTTP/1.1" 200 514 "http://localhost/phpmyadmin/themes/pmahomme/css/theme.css?v=5.1.0&nocache=6247129122ltr&server=1" "Mozilla/5.0 (Windows NT 10.0; Win64; x64) AppleWebKit/537.36 (KHTML, like Gecko) Chrome/90.0.4430.85 Safari/537.36"
::1 - - [23/Apr/2021:19:47:27 +0900] "GET /phpmyadmin/themes/pmahomme/img/b_import.png HTTP/1.1" 200 556 "http://localhost/phpmyadmin/themes/pmahomme/css/theme.css?v=5.1.0&nocache=6247129122ltr&server=1" "Mozilla/5.0 (Windows NT 10.0; Win64; x64) AppleWebKit/537.36 (KHTML, like Gecko) Chrome/90.0.4430.85 Safari/537.36"
::1 - - [23/Apr/2021:19:47:27 +0900] "GET /phpmyadmin/themes/pmahomme/img/b_tblops.png HTTP/1.1" 200 537 "http://localhost/phpmyadmin/themes/pmahomme/css/theme.css?v=5.1.0&nocache=6247129122ltr&server=1" "Mozilla/5.0 (Windows NT 10.0; Win64; x64) AppleWebKit/537.36 (KHTML, like Gecko) Chrome/90.0.4430.85 Safari/537.36"
::1 - - [23/Apr/2021:19:47:27 +0900] "GET /phpmyadmin/themes/pmahomme/img/s_replication.png HTTP/1.1" 200 399 "http://localhost/phpmyadmin/themes/pmahomme/css/theme.css?v=5.1.0&nocache=6247129122ltr&server=1" "Mozilla/5.0 (Windows NT 10.0; Win64; x64) AppleWebKit/537.36 (KHTML, like Gecko) Chrome/90.0.4430.85 Safari/537.36"
::1 - - [23/Apr/2021:19:47:27 +0900] "GET /phpmyadmin/themes/pmahomme/img/b_engine.png HTTP/1.1" 200 398 "http://localhost/phpmyadmin/themes/pmahomme/css/theme.css?v=5.1.0&nocache=6247129122ltr&server=1" "Mozilla/5.0 (Windows NT 10.0; Win64; x64) AppleWebKit/537.36 (KHTML, like Gecko) Chrome/90.0.4430.85 Safari/537.36"
::1 - - [23/Apr/2021:19:47:27 +0900] "GET /phpmyadmin/themes/pmahomme/img/s_vars.png HTTP/1.1" 200 523 "http://localhost/phpmyadmin/themes/pmahomme/css/theme.css?v=5.1.0&nocache=6247129122ltr&server=1" "Mozilla/5.0 (Windows NT 10.0; Win64; x64) AppleWebKit/537.36 (KHTML, like Gecko) Chrome/90.0.4430.85 Safari/537.36"
::1 - - [23/Apr/2021:19:47:27 +0900] "GET /phpmyadmin/themes/pmahomme/img/s_top.png HTTP/1.1" 200 220 "http://localhost/phpmyadmin/themes/pmahomme/css/theme.css?v=5.1.0&nocache=6247129122ltr&server=1" "Mozilla/5.0 (Windows NT 10.0; Win64; x64) AppleWebKit/537.36 (KHTML, like Gecko) Chrome/90.0.4430.85 Safari/537.36"
::1 - - [23/Apr/2021:19:47:27 +0900] "GET /phpmyadmin/themes/pmahomme/img/b_plugin.png HTTP/1.1" 200 512 "http://localhost/phpmyadmin/themes/pmahomme/css/theme.css?v=5.1.0&nocache=6247129122ltr&server=1" "Mozilla/5.0 (Windows NT 10.0; Win64; x64) AppleWebKit/537.36 (KHTML, like Gecko) Chrome/90.0.4430.85 Safari/537.36"
::1 - - [23/Apr/2021:19:47:27 +0900] "GET /phpmyadmin/themes/pmahomme/img/s_asci.png HTTP/1.1" 200 148 "http://localhost/phpmyadmin/themes/pmahomme/css/theme.css?v=5.1.0&nocache=6247129122ltr&server=1" "Mozilla/5.0 (Windows NT 10.0; Win64; x64) AppleWebKit/537.36 (KHTML, like Gecko) Chrome/90.0.4430.85 Safari/537.36"
::1 - - [23/Apr/2021:19:47:27 +0900] "GET /phpmyadmin/themes/pmahomme/img/console.png HTTP/1.1" 200 292 "http://localhost/phpmyadmin/themes/pmahomme/css/theme.css?v=5.1.0&nocache=6247129122ltr&server=1" "Mozilla/5.0 (Windows NT 10.0; Win64; x64) AppleWebKit/537.36 (KHTML, like Gecko) Chrome/90.0.4430.85 Safari/537.36"
::1 - - [23/Apr/2021:19:47:27 +0900] "GET /phpmyadmin/themes/pmahomme/img/b_help.png HTTP/1.1" 200 705 "http://localhost/phpmyadmin/themes/pmahomme/css/theme.css?v=5.1.0&nocache=6247129122ltr&server=1" "Mozilla/5.0 (Windows NT 10.0; Win64; x64) AppleWebKit/537.36 (KHTML, like Gecko) Chrome/90.0.4430.85 Safari/537.36"
::1 - - [23/Apr/2021:19:47:27 +0900] "GET /phpmyadmin/themes/pmahomme/img/s_lang.png HTTP/1.1" 200 659 "http://localhost/phpmyadmin/themes/pmahomme/css/theme.css?v=5.1.0&nocache=6247129122ltr&server=1" "Mozilla/5.0 (Windows NT 10.0; Win64; x64) AppleWebKit/537.36 (KHTML, like Gecko) Chrome/90.0.4430.85 Safari/537.36"
::1 - - [23/Apr/2021:19:47:27 +0900] "GET /phpmyadmin/themes/pmahomme/img/s_theme.png HTTP/1.1" 200 772 "http://localhost/phpmyadmin/themes/pmahomme/css/theme.css?v=5.1.0&nocache=6247129122ltr&server=1" "Mozilla/5.0 (Windows NT 10.0; Win64; x64) AppleWebKit/537.36 (KHTML, like Gecko) Chrome/90.0.4430.85 Safari/537.36"
::1 - - [23/Apr/2021:19:47:27 +0900] "GET /phpmyadmin/themes/pmahomme/img/window-new.png HTTP/1.1" 200 468 "http://localhost/phpmyadmin/themes/pmahomme/css/theme.css?v=5.1.0&nocache=6247129122ltr&server=1" "Mozilla/5.0 (Windows NT 10.0; Win64; x64) AppleWebKit/537.36 (KHTML, like Gecko) Chrome/90.0.4430.85 Safari/537.36"
::1 - - [23/Apr/2021:19:47:27 +0900] "POST /phpmyadmin/index.php?route=/config/get HTTP/1.1" 200 1709 "-" "Mozilla/5.0 (Windows NT 10.0; Win64; x64) AppleWebKit/537.36 (KHTML, like Gecko) Chrome/90.0.4430.85 Safari/537.36"
::1 - - [23/Apr/2021:19:47:27 +0900] "GET /phpmyadmin/favicon.ico HTTP/1.1" 200 22486 "-" "Mozilla/5.0 (Windows NT 10.0; Win64; x64) AppleWebKit/537.36 (KHTML, like Gecko) Chrome/90.0.4430.85 Safari/537.36"
::1 - - [23/Apr/2021:19:47:27 +0900] "POST /phpmyadmin/index.php?route=/config/get HTTP/1.1" 200 1800 "-" "Mozilla/5.0 (Windows NT 10.0; Win64; x64) AppleWebKit/537.36 (KHTML, like Gecko) Chrome/90.0.4430.85 Safari/537.36"
::1 - - [23/Apr/2021:19:47:27 +0900] "POST /phpmyadmin/index.php?route=/navigation&ajax_request=1 HTTP/1.1" 200 2579 "-" "Mozilla/5.0 (Windows NT 10.0; Win64; x64) AppleWebKit/537.36 (KHTML, like Gecko) Chrome/90.0.4430.85 Safari/537.36"
::1 - - [23/Apr/2021:19:47:27 +0900] "POST /phpmyadmin/index.php?route=/database/structure/favorite-table&ajax_request=1&favorite_table=1&sync_favorite_tables=1&lang=ja HTTP/1.1" 200 192 "-" "Mozilla/5.0 (Windows NT 10.0; Win64; x64) AppleWebKit/537.36 (KHTML, like Gecko) Chrome/90.0.4430.85 Safari/537.36"
::1 - - [23/Apr/2021:19:47:27 +0900] "POST /phpmyadmin/index.php?route=/version-check HTTP/1.1" 200 64 "-" "Mozilla/5.0 (Windows NT 10.0; Win64; x64) AppleWebKit/537.36 (KHTML, like Gecko) Chrome/90.0.4430.85 Safari/537.36"
::1 - - [23/Apr/2021:19:47:27 +0900] "POST /phpmyadmin/index.php?route=/config/set HTTP/1.1" 200 1701 "-" "Mozilla/5.0 (Windows NT 10.0; Win64; x64) AppleWebKit/537.36 (KHTML, like Gecko) Chrome/90.0.4430.85 Safari/537.36"
::1 - - [23/Apr/2021:19:47:32 +0900] "GET /phpmyadmin/themes/pmahomme/img/ajax_clock_small.gif HTTP/1.1" 200 1810 "http://localhost/phpmyadmin/themes/pmahomme/css/theme.css?v=5.1.0&nocache=6247129122ltr&server=1" "Mozilla/5.0 (Windows NT 10.0; Win64; x64) AppleWebKit/537.36 (KHTML, like Gecko) Chrome/90.0.4430.85 Safari/537.36"
::1 - - [23/Apr/2021:19:47:32 +0900] "GET /phpmyadmin/index.php?route=/navigation&ajax_request=1&server=1&aPath=cm9vdA%3D%3D.dGVzdA%3D%3D&vPath=cm9vdA%3D%3D.dGVzdA%3D%3D&pos=0&searchClause=&searchClause2=&_nocache=1619174852105387497&token=2d6044272f216c726b5b7c6b7e566758 HTTP/1.1" 200 1728 "-" "Mozilla/5.0 (Windows NT 10.0; Win64; x64) AppleWebKit/537.36 (KHTML, like Gecko) Chrome/90.0.4430.85 Safari/537.36"
::1 - - [23/Apr/2021:19:47:32 +0900] "GET /phpmyadmin/themes/pmahomme/img/b_minus.png HTTP/1.1" 200 123 "http://localhost/phpmyadmin/themes/pmahomme/css/theme.css?v=5.1.0&nocache=6247129122ltr&server=1" "Mozilla/5.0 (Windows NT 10.0; Win64; x64) AppleWebKit/537.36 (KHTML, like Gecko) Chrome/90.0.4430.85 Safari/537.36"
::1 - - [23/Apr/2021:19:47:32 +0900] "GET /phpmyadmin/index.php?route=/database/structure&server=1&db=test&ajax_request=true&ajax_page_request=true&_nocache=1619174852823908047&token=2d6044272f216c726b5b7c6b7e566758 HTTP/1.1" 200 3340 "-" "Mozilla/5.0 (Windows NT 10.0; Win64; x64) AppleWebKit/537.36 (KHTML, like Gecko) Chrome/90.0.4430.85 Safari/537.36"
::1 - - [23/Apr/2021:19:47:33 +0900] "GET /phpmyadmin/themes/pmahomme/img/b_routines.png HTTP/1.1" 200 306 "http://localhost/phpmyadmin/themes/pmahomme/css/theme.css?v=5.1.0&nocache=6247129122ltr&server=1" "Mozilla/5.0 (Windows NT 10.0; Win64; x64) AppleWebKit/537.36 (KHTML, like Gecko) Chrome/90.0.4430.85 Safari/537.36"
::1 - - [23/Apr/2021:19:47:33 +0900] "GET /phpmyadmin/themes/pmahomme/img/eye.png HTTP/1.1" 200 663 "http://localhost/phpmyadmin/themes/pmahomme/css/theme.css?v=5.1.0&nocache=6247129122ltr&server=1" "Mozilla/5.0 (Windows NT 10.0; Win64; x64) AppleWebKit/537.36 (KHTML, like Gecko) Chrome/90.0.4430.85 Safari/537.36"
::1 - - [23/Apr/2021:19:47:33 +0900] "GET /phpmyadmin/themes/pmahomme/img/b_search.png HTTP/1.1" 200 538 "http://localhost/phpmyadmin/themes/pmahomme/css/theme.css?v=5.1.0&nocache=6247129122ltr&server=1" "Mozilla/5.0 (Windows NT 10.0; Win64; x64) AppleWebKit/537.36 (KHTML, like Gecko) Chrome/90.0.4430.85 Safari/537.36"
::1 - - [23/Apr/2021:19:47:33 +0900] "GET /phpmyadmin/themes/pmahomme/img/b_triggers.png HTTP/1.1" 200 446 "http://localhost/phpmyadmin/themes/pmahomme/css/theme.css?v=5.1.0&nocache=6247129122ltr&server=1" "Mozilla/5.0 (Windows NT 10.0; Win64; x64) AppleWebKit/537.36 (KHTML, like Gecko) Chrome/90.0.4430.85 Safari/537.36"
::1 - - [23/Apr/2021:19:47:33 +0900] "GET /phpmyadmin/themes/pmahomme/img/b_props.png HTTP/1.1" 200 573 "http://localhost/phpmyadmin/themes/pmahomme/css/theme.css?v=5.1.0&nocache=6247129122ltr&server=1" "Mozilla/5.0 (Windows NT 10.0; Win64; x64) AppleWebKit/537.36 (KHTML, like Gecko) Chrome/90.0.4430.85 Safari/537.36"
::1 - - [23/Apr/2021:19:47:33 +0900] "GET /phpmyadmin/themes/pmahomme/img/b_events.png HTTP/1.1" 200 703 "http://localhost/phpmyadmin/themes/pmahomme/css/theme.css?v=5.1.0&nocache=6247129122ltr&server=1" "Mozilla/5.0 (Windows NT 10.0; Win64; x64) AppleWebKit/537.36 (KHTML, like Gecko) Chrome/90.0.4430.85 Safari/537.36"
::1 - - [23/Apr/2021:19:47:33 +0900] "GET /phpmyadmin/themes/pmahomme/img/centralColumns.png HTTP/1.1" 200 586 "http://localhost/phpmyadmin/themes/pmahomme/css/theme.css?v=5.1.0&nocache=6247129122ltr&server=1" "Mozilla/5.0 (Windows NT 10.0; Win64; x64) AppleWebKit/537.36 (KHTML, like Gecko) Chrome/90.0.4430.85 Safari/537.36"
::1 - - [23/Apr/2021:19:47:33 +0900] "GET /phpmyadmin/themes/pmahomme/img/b_relations.png HTTP/1.1" 200 140 "http://localhost/phpmyadmin/themes/pmahomme/css/theme.css?v=5.1.0&nocache=6247129122ltr&server=1" "Mozilla/5.0 (Windows NT 10.0; Win64; x64) AppleWebKit/537.36 (KHTML, like Gecko) Chrome/90.0.4430.85 Safari/537.36"
::1 - - [23/Apr/2021:19:47:33 +0900] "GET /phpmyadmin/themes/pmahomme/img/s_notice.png HTTP/1.1" 200 567 "http://localhost/phpmyadmin/themes/pmahomme/css/theme.css?v=5.1.0&nocache=6247129122ltr&server=1" "Mozilla/5.0 (Windows NT 10.0; Win64; x64) AppleWebKit/537.36 (KHTML, like Gecko) Chrome/90.0.4430.85 Safari/537.36"
::1 - - [23/Apr/2021:19:47:33 +0900] "GET /phpmyadmin/themes/pmahomme/img/b_table_add.png HTTP/1.1" 200 571 "http://localhost/phpmyadmin/themes/pmahomme/css/theme.css?v=5.1.0&nocache=6247129122ltr&server=1" "Mozilla/5.0 (Windows NT 10.0; Win64; x64) AppleWebKit/537.36 (KHTML, like Gecko) Chrome/90.0.4430.85 Safari/537.36"
::1 - - [23/Apr/2021:19:47:33 +0900] "GET /phpmyadmin/js/dist/database/structure.js?v=5.1.0 HTTP/1.1" 200 15661 "-" "Mozilla/5.0 (Windows NT 10.0; Win64; x64) AppleWebKit/537.36 (KHTML, like Gecko) Chrome/90.0.4430.85 Safari/537.36"
::1 - - [23/Apr/2021:19:47:33 +0900] "GET /phpmyadmin/js/dist/table/change.js?v=5.1.0 HTTP/1.1" 200 28142 "-" "Mozilla/5.0 (Windows NT 10.0; Win64; x64) AppleWebKit/537.36 (KHTML, like Gecko) Chrome/90.0.4430.85 Safari/537.36"
::1 - - [23/Apr/2021:19:47:34 +0900] "GET /phpmyadmin/index.php?route=/database/structure&server=1&db=phpmyadmin&ajax_request=true&ajax_page_request=true&_nocache=1619174854461263237&token=2d6044272f216c726b5b7c6b7e566758 HTTP/1.1" 200 9633 "-" "Mozilla/5.0 (Windows NT 10.0; Win64; x64) AppleWebKit/537.36 (KHTML, like Gecko) Chrome/90.0.4430.85 Safari/537.36"
::1 - - [23/Apr/2021:19:47:35 +0900] "GET /phpmyadmin/themes/pmahomme/img/s_asc.png HTTP/1.1" 200 146 "http://localhost/phpmyadmin/themes/pmahomme/css/theme.css?v=5.1.0&nocache=6247129122ltr&server=1" "Mozilla/5.0 (Windows NT 10.0; Win64; x64) AppleWebKit/537.36 (KHTML, like Gecko) Chrome/90.0.4430.85 Safari/537.36"
::1 - - [23/Apr/2021:19:47:35 +0900] "GET /phpmyadmin/themes/pmahomme/img/b_insrow.png HTTP/1.1" 200 157 "http://localhost/phpmyadmin/themes/pmahomme/css/theme.css?v=5.1.0&nocache=6247129122ltr&server=1" "Mozilla/5.0 (Windows NT 10.0; Win64; x64) AppleWebKit/537.36 (KHTML, like Gecko) Chrome/90.0.4430.85 Safari/537.36"
::1 - - [23/Apr/2021:19:47:35 +0900] "GET /phpmyadmin/themes/pmahomme/img/bd_browse.png HTTP/1.1" 200 271 "http://localhost/phpmyadmin/themes/pmahomme/css/theme.css?v=5.1.0&nocache=6247129122ltr&server=1" "Mozilla/5.0 (Windows NT 10.0; Win64; x64) AppleWebKit/537.36 (KHTML, like Gecko) Chrome/90.0.4430.85 Safari/537.36"
::1 - - [23/Apr/2021:19:47:35 +0900] "GET /phpmyadmin/themes/pmahomme/img/b_no_favorite.png HTTP/1.1" 200 377 "http://localhost/phpmyadmin/themes/pmahomme/css/theme.css?v=5.1.0&nocache=6247129122ltr&server=1" "Mozilla/5.0 (Windows NT 10.0; Win64; x64) AppleWebKit/537.36 (KHTML, like Gecko) Chrome/90.0.4430.85 Safari/537.36"
::1 - - [23/Apr/2021:19:47:35 +0900] "GET /phpmyadmin/themes/pmahomme/img/bd_select.png HTTP/1.1" 200 325 "http://localhost/phpmyadmin/themes/pmahomme/css/theme.css?v=5.1.0&nocache=6247129122ltr&server=1" "Mozilla/5.0 (Windows NT 10.0; Win64; x64) AppleWebKit/537.36 (KHTML, like Gecko) Chrome/90.0.4430.85 Safari/537.36"
::1 - - [23/Apr/2021:19:47:35 +0900] "GET /phpmyadmin/themes/pmahomme/img/bd_empty.png HTTP/1.1" 200 327 "http://localhost/phpmyadmin/themes/pmahomme/css/theme.css?v=5.1.0&nocache=6247129122ltr&server=1" "Mozilla/5.0 (Windows NT 10.0; Win64; x64) AppleWebKit/537.36 (KHTML, like Gecko) Chrome/90.0.4430.85 Safari/537.36"
::1 - - [23/Apr/2021:19:47:35 +0900] "GET /phpmyadmin/themes/pmahomme/img/b_drop.png HTTP/1.1" 200 637 "http://localhost/phpmyadmin/themes/pmahomme/css/theme.css?v=5.1.0&nocache=6247129122ltr&server=1" "Mozilla/5.0 (Windows NT 10.0; Win64; x64) AppleWebKit/537.36 (KHTML, like Gecko) Chrome/90.0.4430.85 Safari/537.36"
::1 - - [23/Apr/2021:19:47:35 +0900] "GET /phpmyadmin/themes/pmahomme/img/b_empty.png HTTP/1.1" 200 521 "http://localhost/phpmyadmin/themes/pmahomme/css/theme.css?v=5.1.0&nocache=6247129122ltr&server=1" "Mozilla/5.0 (Windows NT 10.0; Win64; x64) AppleWebKit/537.36 (KHTML, like Gecko) Chrome/90.0.4430.85 Safari/537.36"
::1 - - [23/Apr/2021:19:47:35 +0900] "GET /phpmyadmin/themes/pmahomme/img/b_browse.png HTTP/1.1" 200 486 "http://localhost/phpmyadmin/themes/pmahomme/css/theme.css?v=5.1.0&nocache=6247129122ltr&server=1" "Mozilla/5.0 (Windows NT 10.0; Win64; x64) AppleWebKit/537.36 (KHTML, like Gecko) Chrome/90.0.4430.85 Safari/537.36"
::1 - - [23/Apr/2021:19:47:35 +0900] "GET /phpmyadmin/themes/pmahomme/img/b_select.png HTTP/1.1" 200 593 "http://localhost/phpmyadmin/themes/pmahomme/css/theme.css?v=5.1.0&nocache=6247129122ltr&server=1" "Mozilla/5.0 (Windows NT 10.0; Win64; x64) AppleWebKit/537.36 (KHTML, like Gecko) Chrome/90.0.4430.85 Safari/537.36"
::1 - - [23/Apr/2021:19:47:35 +0900] "GET /phpmyadmin/themes/pmahomme/img/b_tblanalyse.png HTTP/1.1" 200 152 "http://localhost/phpmyadmin/themes/pmahomme/css/theme.css?v=5.1.0&nocache=6247129122ltr&server=1" "Mozilla/5.0 (Windows NT 10.0; Win64; x64) AppleWebKit/537.36 (KHTML, like Gecko) Chrome/90.0.4430.85 Safari/537.36"
::1 - - [23/Apr/2021:19:47:35 +0900] "GET /phpmyadmin/themes/pmahomme/img/b_print.png HTTP/1.1" 200 639 "http://localhost/phpmyadmin/themes/pmahomme/css/theme.css?v=5.1.0&nocache=6247129122ltr&server=1" "Mozilla/5.0 (Windows NT 10.0; Win64; x64) AppleWebKit/537.36 (KHTML, like Gecko) Chrome/90.0.4430.85 Safari/537.36"
::1 - - [23/Apr/2021:19:47:35 +0900] "GET /phpmyadmin/themes/pmahomme/img/arrow_ltr.png HTTP/1.1" 200 101 "-" "Mozilla/5.0 (Windows NT 10.0; Win64; x64) AppleWebKit/537.36 (KHTML, like Gecko) Chrome/90.0.4430.85 Safari/537.36"
::1 - - [23/Apr/2021:19:47:35 +0900] "GET /phpmyadmin/index.php?route=/navigation&ajax_request=1&server=1&aPath=cm9vdA%3D%3D.cGhwbXlhZG1pbg%3D%3D&vPath=cm9vdA%3D%3D.cGhwbXlhZG1pbg%3D%3D&pos=0&searchClause=&searchClause2=&_nocache=1619174855096680645&token=2d6044272f216c726b5b7c6b7e566758 HTTP/1.1" 200 3068 "-" "Mozilla/5.0 (Windows NT 10.0; Win64; x64) AppleWebKit/537.36 (KHTML, like Gecko) Chrome/90.0.4430.85 Safari/537.36"
::1 - - [23/Apr/2021:19:47:35 +0900] "GET /phpmyadmin/themes/pmahomme/img/hide.png HTTP/1.1" 200 284 "http://localhost/phpmyadmin/themes/pmahomme/css/theme.css?v=5.1.0&nocache=6247129122ltr&server=1" "Mozilla/5.0 (Windows NT 10.0; Win64; x64) AppleWebKit/537.36 (KHTML, like Gecko) Chrome/90.0.4430.85 Safari/537.36"
::1 - - [23/Apr/2021:19:47:36 +0900] "GET /phpmyadmin/index.php?route=/database/structure&server=1&db=performance_schema&ajax_request=true&ajax_page_request=true&_nocache=1619174856938811984&token=2d6044272f216c726b5b7c6b7e566758 HTTP/1.1" 200 11126 "-" "Mozilla/5.0 (Windows NT 10.0; Win64; x64) AppleWebKit/537.36 (KHTML, like Gecko) Chrome/90.0.4430.85 Safari/537.36"
::1 - - [23/Apr/2021:19:47:37 +0900] "GET /phpmyadmin/index.php?route=/navigation&ajax_request=1&server=1&aPath=cm9vdA%3D%3D.cGVyZm9ybWFuY2Vfc2NoZW1h&vPath=cm9vdA%3D%3D.cGVyZm9ybWFuY2Vfc2NoZW1h&pos=0&searchClause=&searchClause2=&_nocache=1619174857310430087&token=2d6044272f216c726b5b7c6b7e566758 HTTP/1.1" 200 4865 "-" "Mozilla/5.0 (Windows NT 10.0; Win64; x64) AppleWebKit/537.36 (KHTML, like Gecko) Chrome/90.0.4430.85 Safari/537.36"
::1 - - [23/Apr/2021:19:47:38 +0900] "GET /phpmyadmin/index.php?route=/database/structure&server=1&db=laravel58&ajax_request=true&ajax_page_request=true&_nocache=1619174858859741238&token=2d6044272f216c726b5b7c6b7e566758 HTTP/1.1" 200 6504 "-" "Mozilla/5.0 (Windows NT 10.0; Win64; x64) AppleWebKit/537.36 (KHTML, like Gecko) Chrome/90.0.4430.85 Safari/537.36"
::1 - - [23/Apr/2021:19:47:39 +0900] "GET /phpmyadmin/index.php?route=/navigation&ajax_request=1&server=1&aPath=cm9vdA%3D%3D.bGFyYXZlbDU4&vPath=cm9vdA%3D%3D.bGFyYXZlbDU4&pos=0&searchClause=&searchClause2=&_nocache=1619174859047732288&token=2d6044272f216c726b5b7c6b7e566758 HTTP/1.1" 200 2370 "-" "Mozilla/5.0 (Windows NT 10.0; Win64; x64) AppleWebKit/537.36 (KHTML, like Gecko) Chrome/90.0.4430.85 Safari/537.36"
::1 - - [23/Apr/2021:19:47:43 +0900] "GET /phpmyadmin/index.php?route=/sql&db=laravel58&table=password_resets&pos=0&ajax_request=true&ajax_page_request=true&_nocache=161917486328372445&token=2d6044272f216c726b5b7c6b7e566758 HTTP/1.1" 200 5877 "-" "Mozilla/5.0 (Windows NT 10.0; Win64; x64) AppleWebKit/537.36 (KHTML, like Gecko) Chrome/90.0.4430.85 Safari/537.36"
::1 - - [23/Apr/2021:19:47:43 +0900] "GET /phpmyadmin/themes/pmahomme/img/b_tblimport.png HTTP/1.1" 200 556 "http://localhost/phpmyadmin/themes/pmahomme/css/theme.css?v=5.1.0&nocache=6247129122ltr&server=1" "Mozilla/5.0 (Windows NT 10.0; Win64; x64) AppleWebKit/537.36 (KHTML, like Gecko) Chrome/90.0.4430.85 Safari/537.36"
::1 - - [23/Apr/2021:19:47:43 +0900] "GET /phpmyadmin/themes/pmahomme/img/b_tblexport.png HTTP/1.1" 200 514 "http://localhost/phpmyadmin/themes/pmahomme/css/theme.css?v=5.1.0&nocache=6247129122ltr&server=1" "Mozilla/5.0 (Windows NT 10.0; Win64; x64) AppleWebKit/537.36 (KHTML, like Gecko) Chrome/90.0.4430.85 Safari/537.36"
::1 - - [23/Apr/2021:19:47:43 +0900] "GET /phpmyadmin/themes/pmahomme/img/s_tbl.png HTTP/1.1" 200 645 "http://localhost/phpmyadmin/themes/pmahomme/css/theme.css?v=5.1.0&nocache=6247129122ltr&server=1" "Mozilla/5.0 (Windows NT 10.0; Win64; x64) AppleWebKit/537.36 (KHTML, like Gecko) Chrome/90.0.4430.85 Safari/537.36"
::1 - - [23/Apr/2021:19:47:43 +0900] "GET /phpmyadmin/themes/pmahomme/img/s_success.png HTTP/1.1" 200 465 "http://localhost/phpmyadmin/themes/pmahomme/css/theme.css?v=5.1.0&nocache=6247129122ltr&server=1" "Mozilla/5.0 (Windows NT 10.0; Win64; x64) AppleWebKit/537.36 (KHTML, like Gecko) Chrome/90.0.4430.85 Safari/537.36"
::1 - - [23/Apr/2021:19:47:43 +0900] "GET /phpmyadmin/themes/pmahomme/img/b_view_add.png HTTP/1.1" 200 678 "http://localhost/phpmyadmin/themes/pmahomme/css/theme.css?v=5.1.0&nocache=6247129122ltr&server=1" "Mozilla/5.0 (Windows NT 10.0; Win64; x64) AppleWebKit/537.36 (KHTML, like Gecko) Chrome/90.0.4430.85 Safari/537.36"
::1 - - [23/Apr/2021:19:47:43 +0900] "GET /phpmyadmin/themes/pmahomme/img/b_bookmark.png HTTP/1.1" 200 637 "http://localhost/phpmyadmin/themes/pmahomme/css/theme.css?v=5.1.0&nocache=6247129122ltr&server=1" "Mozilla/5.0 (Windows NT 10.0; Win64; x64) AppleWebKit/537.36 (KHTML, like Gecko) Chrome/90.0.4430.85 Safari/537.36"
::1 - - [23/Apr/2021:19:47:43 +0900] "GET /phpmyadmin/js/vendor/jquery/jquery.uitablefilter.js?v=5.1.0 HTTP/1.1" 200 3139 "-" "Mozilla/5.0 (Windows NT 10.0; Win64; x64) AppleWebKit/537.36 (KHTML, like Gecko) Chrome/90.0.4430.85 Safari/537.36"
::1 - - [23/Apr/2021:19:47:43 +0900] "GET /phpmyadmin/js/dist/multi_column_sort.js?v=5.1.0 HTTP/1.1" 200 3128 "-" "Mozilla/5.0 (Windows NT 10.0; Win64; x64) AppleWebKit/537.36 (KHTML, like Gecko) Chrome/90.0.4430.85 Safari/537.36"
::1 - - [23/Apr/2021:19:47:43 +0900] "GET /phpmyadmin/js/vendor/stickyfill.min.js?v=5.1.0 HTTP/1.1" 200 6500 "-" "Mozilla/5.0 (Windows NT 10.0; Win64; x64) AppleWebKit/537.36 (KHTML, like Gecko) Chrome/90.0.4430.85 Safari/537.36"
::1 - - [23/Apr/2021:19:47:43 +0900] "GET /phpmyadmin/js/dist/gis_data_editor.js?v=5.1.0 HTTP/1.1" 200 13867 "-" "Mozilla/5.0 (Windows NT 10.0; Win64; x64) AppleWebKit/537.36 (KHTML, like Gecko) Chrome/90.0.4430.85 Safari/537.36"
::1 - - [23/Apr/2021:19:47:43 +0900] "GET /phpmyadmin/index.php?route=/recent-table&ajax_request=1&recent_table=1&no_debug=true&_nocache=1619174863815389176&token=2d6044272f216c726b5b7c6b7e566758 HTTP/1.1" 200 1770 "-" "Mozilla/5.0 (Windows NT 10.0; Win64; x64) AppleWebKit/537.36 (KHTML, like Gecko) Chrome/90.0.4430.85 Safari/537.36"
::1 - - [23/Apr/2021:19:47:46 +0900] "GET /phpmyadmin/index.php?route=%2Fdatabase%2Fstructure&db=laravel58&server=1&ajax_request=true&ajax_page_request=true&_nocache=1619174866416909524&token=2d6044272f216c726b5b7c6b7e566758 HTTP/1.1" 200 6507 "-" "Mozilla/5.0 (Windows NT 10.0; Win64; x64) AppleWebKit/537.36 (KHTML, like Gecko) Chrome/90.0.4430.85 Safari/537.36"
::1 - - [23/Apr/2021:20:11:42 +0900] "POST /phpmyadmin/index.php?route=/ HTTP/1.1" 200 1819 "-" "Mozilla/5.0 (Windows NT 10.0; Win64; x64) AppleWebKit/537.36 (KHTML, like Gecko) Chrome/90.0.4430.85 Safari/537.36"
::1 - - [23/Apr/2021:20:20:57 +0900] "POST /phpmyadmin/index.php?route=/ HTTP/1.1" 200 1819 "-" "Mozilla/5.0 (Windows NT 10.0; Win64; x64) AppleWebKit/537.36 (KHTML, like Gecko) Chrome/90.0.4430.85 Safari/537.36"
::1 - - [23/Apr/2021:20:24:29 +0900] "GET /phpmyadmin/themes/pmahomme/img/b_more.png HTTP/1.1" 200 111 "http://localhost/phpmyadmin/themes/pmahomme/css/theme.css?v=5.1.0&nocache=6247129122ltr&server=1" "Mozilla/5.0 (Windows NT 10.0; Win64; x64) AppleWebKit/537.36 (KHTML, like Gecko) Chrome/90.0.4430.85 Safari/537.36"
::1 - - [23/Apr/2021:20:30:03 +0900] "POST /phpmyadmin/index.php?route=/ HTTP/1.1" 200 1819 "-" "Mozilla/5.0 (Windows NT 10.0; Win64; x64) AppleWebKit/537.36 (KHTML, like Gecko) Chrome/90.0.4430.85 Safari/537.36"
::1 - - [23/Apr/2021:20:33:31 +0900] "POST /phpmyadmin/index.php?route=/ HTTP/1.1" 200 1819 "-" "Mozilla/5.0 (Windows NT 10.0; Win64; x64) AppleWebKit/537.36 (KHTML, like Gecko) Chrome/90.0.4430.85 Safari/537.36"
::1 - - [23/Apr/2021:20:36:33 +0900] "POST /phpmyadmin/index.php?route=/ HTTP/1.1" 200 1819 "-" "Mozilla/5.0 (Windows NT 10.0; Win64; x64) AppleWebKit/537.36 (KHTML, like Gecko) Chrome/90.0.4430.85 Safari/537.36"
::1 - - [23/Apr/2021:20:39:32 +0900] "POST /phpmyadmin/index.php?route=/ HTTP/1.1" 200 1819 "-" "Mozilla/5.0 (Windows NT 10.0; Win64; x64) AppleWebKit/537.36 (KHTML, like Gecko) Chrome/90.0.4430.85 Safari/537.36"
::1 - - [23/Apr/2021:20:42:28 +0900] "POST /phpmyadmin/index.php?route=/ HTTP/1.1" 200 1819 "-" "Mozilla/5.0 (Windows NT 10.0; Win64; x64) AppleWebKit/537.36 (KHTML, like Gecko) Chrome/90.0.4430.85 Safari/537.36"
::1 - - [23/Apr/2021:20:45:21 +0900] "POST /phpmyadmin/index.php?route=/ HTTP/1.1" 200 1819 "-" "Mozilla/5.0 (Windows NT 10.0; Win64; x64) AppleWebKit/537.36 (KHTML, like Gecko) Chrome/90.0.4430.85 Safari/537.36"
::1 - - [23/Apr/2021:20:48:11 +0900] "POST /phpmyadmin/index.php?route=/ HTTP/1.1" 200 1819 "-" "Mozilla/5.0 (Windows NT 10.0; Win64; x64) AppleWebKit/537.36 (KHTML, like Gecko) Chrome/90.0.4430.85 Safari/537.36"
::1 - - [23/Apr/2021:20:50:58 +0900] "POST /phpmyadmin/index.php?route=/ HTTP/1.1" 200 1819 "-" "Mozilla/5.0 (Windows NT 10.0; Win64; x64) AppleWebKit/537.36 (KHTML, like Gecko) Chrome/90.0.4430.85 Safari/537.36"
::1 - - [23/Apr/2021:20:53:42 +0900] "POST /phpmyadmin/index.php?route=/ HTTP/1.1" 200 1819 "-" "Mozilla/5.0 (Windows NT 10.0; Win64; x64) AppleWebKit/537.36 (KHTML, like Gecko) Chrome/90.0.4430.85 Safari/537.36"
::1 - - [23/Apr/2021:20:56:23 +0900] "POST /phpmyadmin/index.php?route=/ HTTP/1.1" 200 1819 "-" "Mozilla/5.0 (Windows NT 10.0; Win64; x64) AppleWebKit/537.36 (KHTML, like Gecko) Chrome/90.0.4430.85 Safari/537.36"
::1 - - [23/Apr/2021:20:59:02 +0900] "POST /phpmyadmin/index.php?route=/ HTTP/1.1" 200 1819 "-" "Mozilla/5.0 (Windows NT 10.0; Win64; x64) AppleWebKit/537.36 (KHTML, like Gecko) Chrome/90.0.4430.85 Safari/537.36"
::1 - - [23/Apr/2021:21:01:38 +0900] "POST /phpmyadmin/index.php?route=/ HTTP/1.1" 200 1819 "-" "Mozilla/5.0 (Windows NT 10.0; Win64; x64) AppleWebKit/537.36 (KHTML, like Gecko) Chrome/90.0.4430.85 Safari/537.36"
::1 - - [23/Apr/2021:21:04:12 +0900] "POST /phpmyadmin/index.php?route=/ HTTP/1.1" 200 1819 "-" "Mozilla/5.0 (Windows NT 10.0; Win64; x64) AppleWebKit/537.36 (KHTML, like Gecko) Chrome/90.0.4430.85 Safari/537.36"
::1 - - [23/Apr/2021:21:06:43 +0900] "POST /phpmyadmin/index.php?route=/ HTTP/1.1" 200 1819 "-" "Mozilla/5.0 (Windows NT 10.0; Win64; x64) AppleWebKit/537.36 (KHTML, like Gecko) Chrome/90.0.4430.85 Safari/537.36"
::1 - - [23/Apr/2021:21:37:00 +0900] "GET / HTTP/1.1" 200 611
::1 - - [23/Apr/2021:21:37:00 +0900] "GET /css/bootstrap.min.css HTTP/1.1" 404 296
::1 - - [23/Apr/2021:21:37:00 +0900] "GET /js/bootstrap.min.js HTTP/1.1" 404 296
::1 - - [23/Apr/2021:21:37:00 +0900] "GET /js/bootstrap.min.js HTTP/1.1" 404 296
::1 - - [23/Apr/2021:21:56:59 +0900] "GET / HTTP/1.1" 200 611
::1 - - [23/Apr/2021:21:56:59 +0900] "GET /css/bootstrap.min.css HTTP/1.1" 200 154875
::1 - - [23/Apr/2021:21:56:59 +0900] "GET /js/bootstrap.min.js HTTP/1.1" 200 61893
::1 - - [23/Apr/2021:22:24:04 +0900] "GET /wordpress/ HTTP/1.1" 404 295 "-" "Mozilla/5.0 (Windows NT 10.0; Win64; x64) AppleWebKit/537.36 (KHTML, like Gecko) Chrome/90.0.4430.85 Safari/537.36"
::1 - - [23/Apr/2021:22:24:09 +0900] "GET / HTTP/1.1" 200 646 "-" "Mozilla/5.0 (Windows NT 10.0; Win64; x64) AppleWebKit/537.36 (KHTML, like Gecko) Chrome/90.0.4430.85 Safari/537.36"
::1 - - [23/Apr/2021:22:24:09 +0900] "GET /css/bootstrap.min.css HTTP/1.1" 200 154875 "http://localhost/" "Mozilla/5.0 (Windows NT 10.0; Win64; x64) AppleWebKit/537.36 (KHTML, like Gecko) Chrome/90.0.4430.85 Safari/537.36"
::1 - - [23/Apr/2021:22:24:09 +0900] "GET /js/bootstrap.min.js HTTP/1.1" 200 61893 "http://localhost/" "Mozilla/5.0 (Windows NT 10.0; Win64; x64) AppleWebKit/537.36 (KHTML, like Gecko) Chrome/90.0.4430.85 Safari/537.36"
::1 - - [23/Apr/2021:22:24:09 +0900] "GET /anime.jpg HTTP/1.1" 404 295 "http://localhost/" "Mozilla/5.0 (Windows NT 10.0; Win64; x64) AppleWebKit/537.36 (KHTML, like Gecko) Chrome/90.0.4430.85 Safari/537.36"
::1 - - [23/Apr/2021:22:24:33 +0900] "GET / HTTP/1.1" 200 650 "-" "Mozilla/5.0 (Windows NT 10.0; Win64; x64) AppleWebKit/537.36 (KHTML, like Gecko) Chrome/90.0.4430.85 Safari/537.36"
::1 - - [23/Apr/2021:22:24:33 +0900] "GET /img/anime.jpg HTTP/1.1" 200 117550 "http://localhost/" "Mozilla/5.0 (Windows NT 10.0; Win64; x64) AppleWebKit/537.36 (KHTML, like Gecko) Chrome/90.0.4430.85 Safari/537.36"
::1 - - [23/Apr/2021:22:24:33 +0900] "GET /favicon.ico HTTP/1.1" 200 30894 "http://localhost/" "Mozilla/5.0 (Windows NT 10.0; Win64; x64) AppleWebKit/537.36 (KHTML, like Gecko) Chrome/90.0.4430.85 Safari/537.36"
::1 - - [23/Apr/2021:22:41:22 +0900] "GET / HTTP/1.1" 200 905 "-" "Mozilla/5.0 (Windows NT 10.0; Win64; x64) AppleWebKit/537.36 (KHTML, like Gecko) Chrome/90.0.4430.85 Safari/537.36"
::1 - - [23/Apr/2021:22:41:22 +0900] "GET /img/anime.jpg HTTP/1.1" 304 - "http://localhost/" "Mozilla/5.0 (Windows NT 10.0; Win64; x64) AppleWebKit/537.36 (KHTML, like Gecko) Chrome/90.0.4430.85 Safari/537.36"
::1 - - [23/Apr/2021:22:41:22 +0900] "GET /favicon.ico HTTP/1.1" 200 30894 "http://localhost/" "Mozilla/5.0 (Windows NT 10.0; Win64; x64) AppleWebKit/537.36 (KHTML, like Gecko) Chrome/90.0.4430.85 Safari/537.36"
::1 - - [23/Apr/2021:22:41:23 +0900] "GET / HTTP/1.1" 200 905 "-" "Mozilla/5.0 (Windows NT 10.0; Win64; x64) AppleWebKit/537.36 (KHTML, like Gecko) Chrome/90.0.4430.85 Safari/537.36"
::1 - - [23/Apr/2021:22:41:23 +0900] "GET /favicon.ico HTTP/1.1" 200 30894 "http://localhost/" "Mozilla/5.0 (Windows NT 10.0; Win64; x64) AppleWebKit/537.36 (KHTML, like Gecko) Chrome/90.0.4430.85 Safari/537.36"
::1 - - [23/Apr/2021:22:49:35 +0900] "GET / HTTP/1.1" 200 948 "-" "Mozilla/5.0 (Windows NT 10.0; Win64; x64) AppleWebKit/537.36 (KHTML, like Gecko) Chrome/90.0.4430.85 Safari/537.36"
::1 - - [23/Apr/2021:22:49:35 +0900] "GET /sample.css HTTP/1.1" 404 295 "http://localhost/" "Mozilla/5.0 (Windows NT 10.0; Win64; x64) AppleWebKit/537.36 (KHTML, like Gecko) Chrome/90.0.4430.85 Safari/537.36"
::1 - - [23/Apr/2021:22:49:35 +0900] "GET /img/anime.jpg HTTP/1.1" 304 - "http://localhost/" "Mozilla/5.0 (Windows NT 10.0; Win64; x64) AppleWebKit/537.36 (KHTML, like Gecko) Chrome/90.0.4430.85 Safari/537.36"
::1 - - [23/Apr/2021:22:49:35 +0900] "GET /favicon.ico HTTP/1.1" 200 30894 "http://localhost/" "Mozilla/5.0 (Windows NT 10.0; Win64; x64) AppleWebKit/537.36 (KHTML, like Gecko) Chrome/90.0.4430.85 Safari/537.36"
::1 - - [23/Apr/2021:22:49:36 +0900] "GET / HTTP/1.1" 200 948 "-" "Mozilla/5.0 (Windows NT 10.0; Win64; x64) AppleWebKit/537.36 (KHTML, like Gecko) Chrome/90.0.4430.85 Safari/537.36"
::1 - - [23/Apr/2021:22:49:36 +0900] "GET /sample.css HTTP/1.1" 404 295 "http://localhost/" "Mozilla/5.0 (Windows NT 10.0; Win64; x64) AppleWebKit/537.36 (KHTML, like Gecko) Chrome/90.0.4430.85 Safari/537.36"
::1 - - [23/Apr/2021:22:49:36 +0900] "GET /favicon.ico HTTP/1.1" 200 30894 "http://localhost/" "Mozilla/5.0 (Windows NT 10.0; Win64; x64) AppleWebKit/537.36 (KHTML, like Gecko) Chrome/90.0.4430.85 Safari/537.36"
::1 - - [23/Apr/2021:22:49:36 +0900] "GET / HTTP/1.1" 200 948 "-" "Mozilla/5.0 (Windows NT 10.0; Win64; x64) AppleWebKit/537.36 (KHTML, like Gecko) Chrome/90.0.4430.85 Safari/537.36"
::1 - - [23/Apr/2021:22:49:36 +0900] "GET /sample.css HTTP/1.1" 404 295 "http://localhost/" "Mozilla/5.0 (Windows NT 10.0; Win64; x64) AppleWebKit/537.36 (KHTML, like Gecko) Chrome/90.0.4430.85 Safari/537.36"
::1 - - [23/Apr/2021:22:49:36 +0900] "GET /favicon.ico HTTP/1.1" 200 30894 "http://localhost/" "Mozilla/5.0 (Windows NT 10.0; Win64; x64) AppleWebKit/537.36 (KHTML, like Gecko) Chrome/90.0.4430.85 Safari/537.36"
::1 - - [23/Apr/2021:22:49:44 +0900] "GET / HTTP/1.1" 200 948 "-" "Mozilla/5.0 (Windows NT 10.0; Win64; x64) AppleWebKit/537.36 (KHTML, like Gecko) Chrome/90.0.4430.85 Safari/537.36"
::1 - - [23/Apr/2021:22:49:44 +0900] "GET /sample.css HTTP/1.1" 404 295 "http://localhost/" "Mozilla/5.0 (Windows NT 10.0; Win64; x64) AppleWebKit/537.36 (KHTML, like Gecko) Chrome/90.0.4430.85 Safari/537.36"
::1 - - [23/Apr/2021:22:49:44 +0900] "GET /favicon.ico HTTP/1.1" 200 30894 "http://localhost/" "Mozilla/5.0 (Windows NT 10.0; Win64; x64) AppleWebKit/537.36 (KHTML, like Gecko) Chrome/90.0.4430.85 Safari/537.36"
::1 - - [23/Apr/2021:22:49:45 +0900] "GET / HTTP/1.1" 200 948 "-" "Mozilla/5.0 (Windows NT 10.0; Win64; x64) AppleWebKit/537.36 (KHTML, like Gecko) Chrome/90.0.4430.85 Safari/537.36"
::1 - - [23/Apr/2021:22:49:45 +0900] "GET /sample.css HTTP/1.1" 404 295 "http://localhost/" "Mozilla/5.0 (Windows NT 10.0; Win64; x64) AppleWebKit/537.36 (KHTML, like Gecko) Chrome/90.0.4430.85 Safari/537.36"
::1 - - [23/Apr/2021:22:49:45 +0900] "GET /favicon.ico HTTP/1.1" 200 30894 "http://localhost/" "Mozilla/5.0 (Windows NT 10.0; Win64; x64) AppleWebKit/537.36 (KHTML, like Gecko) Chrome/90.0.4430.85 Safari/537.36"
::1 - - [23/Apr/2021:22:49:45 +0900] "GET / HTTP/1.1" 200 948 "-" "Mozilla/5.0 (Windows NT 10.0; Win64; x64) AppleWebKit/537.36 (KHTML, like Gecko) Chrome/90.0.4430.85 Safari/537.36"
::1 - - [23/Apr/2021:22:49:45 +0900] "GET /sample.css HTTP/1.1" 404 295 "http://localhost/" "Mozilla/5.0 (Windows NT 10.0; Win64; x64) AppleWebKit/537.36 (KHTML, like Gecko) Chrome/90.0.4430.85 Safari/537.36"
::1 - - [23/Apr/2021:22:49:45 +0900] "GET /favicon.ico HTTP/1.1" 200 30894 "http://localhost/" "Mozilla/5.0 (Windows NT 10.0; Win64; x64) AppleWebKit/537.36 (KHTML, like Gecko) Chrome/90.0.4430.85 Safari/537.36"
::1 - - [24/Apr/2021:17:44:06 +0900] "GET /%20laravel/projectivern/public HTTP/1.1" 404 295 "-" "Mozilla/5.0 (Windows NT 10.0; Win64; x64) AppleWebKit/537.36 (KHTML, like Gecko) Chrome/90.0.4430.85 Safari/537.36"
::1 - - [24/Apr/2021:17:44:34 +0900] "GET /%20laravel/projectivern/public HTTP/1.1" 404 295 "-" "Mozilla/5.0 (Windows NT 10.0; Win64; x64) AppleWebKit/537.36 (KHTML, like Gecko) Chrome/90.0.4430.85 Safari/537.36"
::1 - - [24/Apr/2021:17:44:34 +0900] "GET /favicon.ico HTTP/1.1" 200 30894 "http://localhost/%20laravel/projectivern/public" "Mozilla/5.0 (Windows NT 10.0; Win64; x64) AppleWebKit/537.36 (KHTML, like Gecko) Chrome/90.0.4430.85 Safari/537.36"
::1 - - [24/Apr/2021:17:44:34 +0900] "GET /%20laravel/projectivern/public HTTP/1.1" 404 295 "-" "Mozilla/5.0 (Windows NT 10.0; Win64; x64) AppleWebKit/537.36 (KHTML, like Gecko) Chrome/90.0.4430.85 Safari/537.36"
::1 - - [24/Apr/2021:17:44:34 +0900] "GET /favicon.ico HTTP/1.1" 200 30894 "http://localhost/%20laravel/projectivern/public" "Mozilla/5.0 (Windows NT 10.0; Win64; x64) AppleWebKit/537.36 (KHTML, like Gecko) Chrome/90.0.4430.85 Safari/537.36"
::1 - - [24/Apr/2021:17:44:35 +0900] "GET /%20laravel/projectivern/public HTTP/1.1" 404 295 "-" "Mozilla/5.0 (Windows NT 10.0; Win64; x64) AppleWebKit/537.36 (KHTML, like Gecko) Chrome/90.0.4430.85 Safari/537.36"
::1 - - [24/Apr/2021:17:44:35 +0900] "GET /favicon.ico HTTP/1.1" 200 30894 "http://localhost/%20laravel/projectivern/public" "Mozilla/5.0 (Windows NT 10.0; Win64; x64) AppleWebKit/537.36 (KHTML, like Gecko) Chrome/90.0.4430.85 Safari/537.36"
::1 - - [24/Apr/2021:17:44:35 +0900] "GET /%20laravel/projectivern/public HTTP/1.1" 404 295 "-" "Mozilla/5.0 (Windows NT 10.0; Win64; x64) AppleWebKit/537.36 (KHTML, like Gecko) Chrome/90.0.4430.85 Safari/537.36"
::1 - - [24/Apr/2021:17:44:35 +0900] "GET /favicon.ico HTTP/1.1" 200 30894 "http://localhost/%20laravel/projectivern/public" "Mozilla/5.0 (Windows NT 10.0; Win64; x64) AppleWebKit/537.36 (KHTML, like Gecko) Chrome/90.0.4430.85 Safari/537.36"
::1 - - [24/Apr/2021:17:44:35 +0900] "GET /%20laravel/projectivern/public HTTP/1.1" 404 295 "-" "Mozilla/5.0 (Windows NT 10.0; Win64; x64) AppleWebKit/537.36 (KHTML, like Gecko) Chrome/90.0.4430.85 Safari/537.36"
::1 - - [24/Apr/2021:17:44:35 +0900] "GET /favicon.ico HTTP/1.1" 200 30894 "http://localhost/%20laravel/projectivern/public" "Mozilla/5.0 (Windows NT 10.0; Win64; x64) AppleWebKit/537.36 (KHTML, like Gecko) Chrome/90.0.4430.85 Safari/537.36"
::1 - - [24/Apr/2021:17:44:35 +0900] "GET /%20laravel/projectivern/public HTTP/1.1" 404 295 "-" "Mozilla/5.0 (Windows NT 10.0; Win64; x64) AppleWebKit/537.36 (KHTML, like Gecko) Chrome/90.0.4430.85 Safari/537.36"
::1 - - [24/Apr/2021:17:44:35 +0900] "GET /favicon.ico HTTP/1.1" 200 30894 "http://localhost/%20laravel/projectivern/public" "Mozilla/5.0 (Windows NT 10.0; Win64; x64) AppleWebKit/537.36 (KHTML, like Gecko) Chrome/90.0.4430.85 Safari/537.36"
::1 - - [24/Apr/2021:17:44:35 +0900] "GET /%20laravel/projectivern/public HTTP/1.1" 404 295 "-" "Mozilla/5.0 (Windows NT 10.0; Win64; x64) AppleWebKit/537.36 (KHTML, like Gecko) Chrome/90.0.4430.85 Safari/537.36"
::1 - - [24/Apr/2021:17:44:35 +0900] "GET /favicon.ico HTTP/1.1" 200 30894 "http://localhost/%20laravel/projectivern/public" "Mozilla/5.0 (Windows NT 10.0; Win64; x64) AppleWebKit/537.36 (KHTML, like Gecko) Chrome/90.0.4430.85 Safari/537.36"
::1 - - [24/Apr/2021:17:44:52 +0900] "GET /%20laravel/projectivern/public HTTP/1.1" 404 295 "-" "Mozilla/5.0 (Windows NT 10.0; Win64; x64) AppleWebKit/537.36 (KHTML, like Gecko) Chrome/90.0.4430.85 Safari/537.36"
::1 - - [24/Apr/2021:17:45:14 +0900] "GET /%20laravel/projectivern/public HTTP/1.1" 404 295 "-" "Mozilla/5.0 (Windows NT 10.0; Win64; x64) AppleWebKit/537.36 (KHTML, like Gecko) Chrome/90.0.4430.85 Safari/537.36"
::1 - - [24/Apr/2021:17:45:14 +0900] "GET /favicon.ico HTTP/1.1" 200 30894 "http://localhost/%20laravel/projectivern/public" "Mozilla/5.0 (Windows NT 10.0; Win64; x64) AppleWebKit/537.36 (KHTML, like Gecko) Chrome/90.0.4430.85 Safari/537.36"
::1 - - [24/Apr/2021:17:45:14 +0900] "GET /%20laravel/projectivern/public HTTP/1.1" 404 295 "-" "Mozilla/5.0 (Windows NT 10.0; Win64; x64) AppleWebKit/537.36 (KHTML, like Gecko) Chrome/90.0.4430.85 Safari/537.36"
::1 - - [24/Apr/2021:17:45:14 +0900] "GET /favicon.ico HTTP/1.1" 200 30894 "http://localhost/%20laravel/projectivern/public" "Mozilla/5.0 (Windows NT 10.0; Win64; x64) AppleWebKit/537.36 (KHTML, like Gecko) Chrome/90.0.4430.85 Safari/537.36"
::1 - - [24/Apr/2021:17:45:14 +0900] "GET /%20laravel/projectivern/public HTTP/1.1" 404 295 "-" "Mozilla/5.0 (Windows NT 10.0; Win64; x64) AppleWebKit/537.36 (KHTML, like Gecko) Chrome/90.0.4430.85 Safari/537.36"
::1 - - [24/Apr/2021:17:45:14 +0900] "GET /favicon.ico HTTP/1.1" 200 30894 "http://localhost/%20laravel/projectivern/public" "Mozilla/5.0 (Windows NT 10.0; Win64; x64) AppleWebKit/537.36 (KHTML, like Gecko) Chrome/90.0.4430.85 Safari/537.36"
::1 - - [24/Apr/2021:17:45:15 +0900] "GET /%20laravel/projectivern/public HTTP/1.1" 404 295 "-" "Mozilla/5.0 (Windows NT 10.0; Win64; x64) AppleWebKit/537.36 (KHTML, like Gecko) Chrome/90.0.4430.85 Safari/537.36"
::1 - - [24/Apr/2021:17:45:15 +0900] "GET /favicon.ico HTTP/1.1" 200 30894 "http://localhost/%20laravel/projectivern/public" "Mozilla/5.0 (Windows NT 10.0; Win64; x64) AppleWebKit/537.36 (KHTML, like Gecko) Chrome/90.0.4430.85 Safari/537.36"
::1 - - [24/Apr/2021:17:46:21 +0900] "GET /%20laravel/ HTTP/1.1" 404 295 "-" "Mozilla/5.0 (Windows NT 10.0; Win64; x64) AppleWebKit/537.36 (KHTML, like Gecko) Chrome/90.0.4430.85 Safari/537.36"
::1 - - [24/Apr/2021:17:46:25 +0900] "GET // HTTP/1.1" 200 952
::1 - - [24/Apr/2021:17:46:25 +0900] "GET //css/bootstrap.min.css HTTP/1.1" 200 154875
::1 - - [24/Apr/2021:17:46:25 +0900] "GET //js/bootstrap.min.js HTTP/1.1" 200 61893
::1 - - [24/Apr/2021:17:46:25 +0900] "GET //css/sample.css HTTP/1.1" 200 34
::1 - - [24/Apr/2021:17:46:25 +0900] "GET //img/anime.jpg HTTP/1.1" 200 117550
::1 - - [24/Apr/2021:17:53:21 +0900] "GET /laravel/projectivern/public HTTP/1.1" 404 296
::1 - - [24/Apr/2021:17:53:34 +0900] "GET /laravel/projectivern/public HTTP/1.1" 404 296
::1 - - [24/Apr/2021:17:53:34 +0900] "GET /favicon.ico HTTP/1.1" 200 30894
::1 - - [24/Apr/2021:17:53:38 +0900] "GET /laravel/projectivern/public HTTP/1.1" 404 296
::1 - - [24/Apr/2021:17:53:38 +0900] "GET /favicon.ico HTTP/1.1" 200 30894
::1 - - [24/Apr/2021:17:55:20 +0900] "GET /laravel/projectivern/public HTTP/1.1" 404 296
::1 - - [24/Apr/2021:17:55:20 +0900] "GET /favicon.ico HTTP/1.1" 200 30894
::1 - - [24/Apr/2021:17:55:21 +0900] "GET /laravel/projectivern/public HTTP/1.1" 404 296
::1 - - [24/Apr/2021:17:55:21 +0900] "GET /favicon.ico HTTP/1.1" 200 30894
::1 - - [24/Apr/2021:17:55:28 +0900] "GET / HTTP/1.1" 200 952
::1 - - [24/Apr/2021:17:55:28 +0900] "GET /css/bootstrap.min.css HTTP/1.1" 200 154875
::1 - - [24/Apr/2021:17:55:28 +0900] "GET /css/sample.css HTTP/1.1" 200 34
::1 - - [24/Apr/2021:17:55:28 +0900] "GET /js/bootstrap.min.js HTTP/1.1" 200 61893
::1 - - [24/Apr/2021:17:55:28 +0900] "GET /img/anime.jpg HTTP/1.1" 200 117550
::1 - - [24/Apr/2021:18:01:47 +0900] "GET /laravel/projectivern/public HTTP/1.1" 301 354
::1 - - [24/Apr/2021:18:01:47 +0900] "GET /laravel/projectivern/public/ HTTP/1.1" 200 17490
::1 - - [24/Apr/2021:18:03:43 +0900] "GET /phpmyadmin/ HTTP/1.1" 200 17420 "-" "Mozilla/5.0 (Windows NT 10.0; Win64; x64) AppleWebKit/537.36 (KHTML, like Gecko) Chrome/90.0.4430.85 Safari/537.36"
::1 - - [24/Apr/2021:18:03:46 +0900] "GET /phpmyadmin/js/vendor/codemirror/lib/codemirror.css?v=5.1.0 HTTP/1.1" 200 8728 "-" "Mozilla/5.0 (Windows NT 10.0; Win64; x64) AppleWebKit/537.36 (KHTML, like Gecko) Chrome/90.0.4430.85 Safari/537.36"
::1 - - [24/Apr/2021:18:03:46 +0900] "GET /phpmyadmin/themes/pmahomme/jquery/jquery-ui.css HTTP/1.1" 200 36566 "-" "Mozilla/5.0 (Windows NT 10.0; Win64; x64) AppleWebKit/537.36 (KHTML, like Gecko) Chrome/90.0.4430.85 Safari/537.36"
::1 - - [24/Apr/2021:18:03:46 +0900] "GET /phpmyadmin/js/vendor/codemirror/addon/hint/show-hint.css?v=5.1.0 HTTP/1.1" 200 623 "-" "Mozilla/5.0 (Windows NT 10.0; Win64; x64) AppleWebKit/537.36 (KHTML, like Gecko) Chrome/90.0.4430.85 Safari/537.36"
::1 - - [24/Apr/2021:18:03:46 +0900] "GET /phpmyadmin/js/vendor/sprintf.js?v=5.1.0 HTTP/1.1" 200 7409 "-" "Mozilla/5.0 (Windows NT 10.0; Win64; x64) AppleWebKit/537.36 (KHTML, like Gecko) Chrome/90.0.4430.85 Safari/537.36"
::1 - - [24/Apr/2021:18:03:46 +0900] "GET /phpmyadmin/themes/pmahomme/css/theme.css?v=5.1.0&nocache=6294638940ltr&server=1 HTTP/1.1" 200 214806 "-" "Mozilla/5.0 (Windows NT 10.0; Win64; x64) AppleWebKit/537.36 (KHTML, like Gecko) Chrome/90.0.4430.85 Safari/537.36"
::1 - - [24/Apr/2021:18:03:46 +0900] "GET /phpmyadmin/js/vendor/jquery/jquery-migrate.js?v=5.1.0 HTTP/1.1" 200 25300 "-" "Mozilla/5.0 (Windows NT 10.0; Win64; x64) AppleWebKit/537.36 (KHTML, like Gecko) Chrome/90.0.4430.85 Safari/537.36"
::1 - - [24/Apr/2021:18:03:46 +0900] "GET /phpmyadmin/js/vendor/codemirror/addon/lint/lint.css?v=5.1.0 HTTP/1.1" 200 2878 "-" "Mozilla/5.0 (Windows NT 10.0; Win64; x64) AppleWebKit/537.36 (KHTML, like Gecko) Chrome/90.0.4430.85 Safari/537.36"
::1 - - [24/Apr/2021:18:03:46 +0900] "GET /phpmyadmin/js/dist/keyhandler.js?v=5.1.0 HTTP/1.1" 200 3003 "-" "Mozilla/5.0 (Windows NT 10.0; Win64; x64) AppleWebKit/537.36 (KHTML, like Gecko) Chrome/90.0.4430.85 Safari/537.36"
::1 - - [24/Apr/2021:18:03:46 +0900] "GET /phpmyadmin/js/dist/ajax.js?v=5.1.0 HTTP/1.1" 200 31313 "-" "Mozilla/5.0 (Windows NT 10.0; Win64; x64) AppleWebKit/537.36 (KHTML, like Gecko) Chrome/90.0.4430.85 Safari/537.36"
::1 - - [24/Apr/2021:18:03:46 +0900] "GET /phpmyadmin/js/vendor/js.cookie.js?v=5.1.0 HTTP/1.1" 200 3883 "-" "Mozilla/5.0 (Windows NT 10.0; Win64; x64) AppleWebKit/537.36 (KHTML, like Gecko) Chrome/90.0.4430.85 Safari/537.36"
::1 - - [24/Apr/2021:18:03:46 +0900] "GET /phpmyadmin/js/vendor/jquery/jquery.mousewheel.js?v=5.1.0 HTTP/1.1" 200 8267 "-" "Mozilla/5.0 (Windows NT 10.0; Win64; x64) AppleWebKit/537.36 (KHTML, like Gecko) Chrome/90.0.4430.85 Safari/537.36"
::1 - - [24/Apr/2021:18:03:46 +0900] "GET /phpmyadmin/js/vendor/jquery/jquery.min.js?v=5.1.0 HTTP/1.1" 200 89476 "-" "Mozilla/5.0 (Windows NT 10.0; Win64; x64) AppleWebKit/537.36 (KHTML, like Gecko) Chrome/90.0.4430.85 Safari/537.36"
::1 - - [24/Apr/2021:18:03:46 +0900] "GET /phpmyadmin/js/vendor/jquery/jquery.event.drag-2.2.js?v=5.1.0 HTTP/1.1" 200 13469 "-" "Mozilla/5.0 (Windows NT 10.0; Win64; x64) AppleWebKit/537.36 (KHTML, like Gecko) Chrome/90.0.4430.85 Safari/537.36"
::1 - - [24/Apr/2021:18:03:46 +0900] "GET /phpmyadmin/js/vendor/jquery/jquery.ba-hashchange-2.0.js?v=5.1.0 HTTP/1.1" 200 10505 "-" "Mozilla/5.0 (Windows NT 10.0; Win64; x64) AppleWebKit/537.36 (KHTML, like Gecko) Chrome/90.0.4430.85 Safari/537.36"
::1 - - [24/Apr/2021:18:03:46 +0900] "GET /phpmyadmin/js/vendor/bootstrap/bootstrap.bundle.min.js?v=5.1.0 HTTP/1.1" 200 84152 "-" "Mozilla/5.0 (Windows NT 10.0; Win64; x64) AppleWebKit/537.36 (KHTML, like Gecko) Chrome/90.0.4430.85 Safari/537.36"
::1 - - [24/Apr/2021:18:03:46 +0900] "GET /phpmyadmin/js/vendor/jquery/jquery.validate.js?v=5.1.0 HTTP/1.1" 200 50963 "-" "Mozilla/5.0 (Windows NT 10.0; Win64; x64) AppleWebKit/537.36 (KHTML, like Gecko) Chrome/90.0.4430.85 Safari/537.36"
::1 - - [24/Apr/2021:18:03:46 +0900] "GET /phpmyadmin/js/vendor/jquery/jquery.debounce-1.0.6.js?v=5.1.0 HTTP/1.1" 200 1608 "-" "Mozilla/5.0 (Windows NT 10.0; Win64; x64) AppleWebKit/537.36 (KHTML, like Gecko) Chrome/90.0.4430.85 Safari/537.36"
::1 - - [24/Apr/2021:18:03:46 +0900] "GET /phpmyadmin/js/dist/cross_framing_protection.js?v=5.1.0 HTTP/1.1" 200 419 "-" "Mozilla/5.0 (Windows NT 10.0; Win64; x64) AppleWebKit/537.36 (KHTML, like Gecko) Chrome/90.0.4430.85 Safari/537.36"
::1 - - [24/Apr/2021:18:03:46 +0900] "GET /phpmyadmin/js/dist/menu_resizer.js?v=5.1.0 HTTP/1.1" 200 5644 "-" "Mozilla/5.0 (Windows NT 10.0; Win64; x64) AppleWebKit/537.36 (KHTML, like Gecko) Chrome/90.0.4430.85 Safari/537.36"
::1 - - [24/Apr/2021:18:03:46 +0900] "GET /phpmyadmin/js/vendor/jquery/jquery-ui-timepicker-addon.js?v=5.1.0 HTTP/1.1" 200 78475 "-" "Mozilla/5.0 (Windows NT 10.0; Win64; x64) AppleWebKit/537.36 (KHTML, like Gecko) Chrome/90.0.4430.85 Safari/537.36"
::1 - - [24/Apr/2021:18:03:46 +0900] "GET /phpmyadmin/js/dist/rte.js?v=5.1.0 HTTP/1.1" 200 39947 "-" "Mozilla/5.0 (Windows NT 10.0; Win64; x64) AppleWebKit/537.36 (KHTML, like Gecko) Chrome/90.0.4430.85 Safari/537.36"
::1 - - [24/Apr/2021:18:03:46 +0900] "GET /phpmyadmin/js/dist/error_report.js?v=5.1.0 HTTP/1.1" 200 9621 "-" "Mozilla/5.0 (Windows NT 10.0; Win64; x64) AppleWebKit/537.36 (KHTML, like Gecko) Chrome/90.0.4430.85 Safari/537.36"
::1 - - [24/Apr/2021:18:03:46 +0900] "GET /phpmyadmin/js/vendor/tracekit.js?v=5.1.0 HTTP/1.1" 200 45389 "-" "Mozilla/5.0 (Windows NT 10.0; Win64; x64) AppleWebKit/537.36 (KHTML, like Gecko) Chrome/90.0.4430.85 Safari/537.36"
::1 - - [24/Apr/2021:18:03:46 +0900] "GET /phpmyadmin/js/vendor/jquery/jquery-ui.min.js?v=5.1.0 HTTP/1.1" 200 253669 "-" "Mozilla/5.0 (Windows NT 10.0; Win64; x64) AppleWebKit/537.36 (KHTML, like Gecko) Chrome/90.0.4430.85 Safari/537.36"
::1 - - [24/Apr/2021:18:03:46 +0900] "GET /phpmyadmin/js/dist/config.js?v=5.1.0 HTTP/1.1" 200 24956 "-" "Mozilla/5.0 (Windows NT 10.0; Win64; x64) AppleWebKit/537.36 (KHTML, like Gecko) Chrome/90.0.4430.85 Safari/537.36"
::1 - - [24/Apr/2021:18:03:46 +0900] "GET /phpmyadmin/js/dist/doclinks.js?v=5.1.0 HTTP/1.1" 200 18275 "-" "Mozilla/5.0 (Windows NT 10.0; Win64; x64) AppleWebKit/537.36 (KHTML, like Gecko) Chrome/90.0.4430.85 Safari/537.36"
::1 - - [24/Apr/2021:18:03:46 +0900] "GET /phpmyadmin/js/dist/navigation.js?v=5.1.0 HTTP/1.1" 200 53993 "-" "Mozilla/5.0 (Windows NT 10.0; Win64; x64) AppleWebKit/537.36 (KHTML, like Gecko) Chrome/90.0.4430.85 Safari/537.36"
::1 - - [24/Apr/2021:18:03:46 +0900] "GET /phpmyadmin/js/dist/functions.js?v=5.1.0 HTTP/1.1" 200 161199 "-" "Mozilla/5.0 (Windows NT 10.0; Win64; x64) AppleWebKit/537.36 (KHTML, like Gecko) Chrome/90.0.4430.85 Safari/537.36"
::1 - - [24/Apr/2021:18:03:46 +0900] "GET /phpmyadmin/js/dist/page_settings.js?v=5.1.0 HTTP/1.1" 200 1568 "-" "Mozilla/5.0 (Windows NT 10.0; Win64; x64) AppleWebKit/537.36 (KHTML, like Gecko) Chrome/90.0.4430.85 Safari/537.36"
::1 - - [24/Apr/2021:18:03:46 +0900] "GET /phpmyadmin/js/dist/common.js?v=5.1.0 HTTP/1.1" 200 4367 "-" "Mozilla/5.0 (Windows NT 10.0; Win64; x64) AppleWebKit/537.36 (KHTML, like Gecko) Chrome/90.0.4430.85 Safari/537.36"
::1 - - [24/Apr/2021:18:03:46 +0900] "GET /phpmyadmin/js/dist/indexes.js?v=5.1.0 HTTP/1.1" 200 26344 "-" "Mozilla/5.0 (Windows NT 10.0; Win64; x64) AppleWebKit/537.36 (KHTML, like Gecko) Chrome/90.0.4430.85 Safari/537.36"
::1 - - [24/Apr/2021:18:03:47 +0900] "GET /phpmyadmin/js/dist/drag_drop_import.js?v=5.1.0 HTTP/1.1" 200 12308 "-" "Mozilla/5.0 (Windows NT 10.0; Win64; x64) AppleWebKit/537.36 (KHTML, like Gecko) Chrome/90.0.4430.85 Safari/537.36"
::1 - - [24/Apr/2021:18:03:47 +0900] "GET /phpmyadmin/js/dist/shortcuts_handler.js?v=5.1.0 HTTP/1.1" 200 3306 "-" "Mozilla/5.0 (Windows NT 10.0; Win64; x64) AppleWebKit/537.36 (KHTML, like Gecko) Chrome/90.0.4430.85 Safari/537.36"
::1 - - [24/Apr/2021:18:03:47 +0900] "GET /phpmyadmin/js/vendor/codemirror/mode/sql/sql.js?v=5.1.0 HTTP/1.1" 200 47998 "-" "Mozilla/5.0 (Windows NT 10.0; Win64; x64) AppleWebKit/537.36 (KHTML, like Gecko) Chrome/90.0.4430.85 Safari/537.36"
::1 - - [24/Apr/2021:18:03:47 +0900] "GET /phpmyadmin/js/vendor/codemirror/addon/runmode/runmode.js?v=5.1.0 HTTP/1.1" 200 2767 "-" "Mozilla/5.0 (Windows NT 10.0; Win64; x64) AppleWebKit/537.36 (KHTML, like Gecko) Chrome/90.0.4430.85 Safari/537.36"
::1 - - [24/Apr/2021:18:03:47 +0900] "GET /phpmyadmin/js/vendor/codemirror/addon/hint/sql-hint.js?v=5.1.0 HTTP/1.1" 200 9604 "-" "Mozilla/5.0 (Windows NT 10.0; Win64; x64) AppleWebKit/537.36 (KHTML, like Gecko) Chrome/90.0.4430.85 Safari/537.36"
::1 - - [24/Apr/2021:18:03:47 +0900] "GET /phpmyadmin/js/vendor/codemirror/addon/hint/show-hint.js?v=5.1.0 HTTP/1.1" 200 18948 "-" "Mozilla/5.0 (Windows NT 10.0; Win64; x64) AppleWebKit/537.36 (KHTML, like Gecko) Chrome/90.0.4430.85 Safari/537.36"
::1 - - [24/Apr/2021:18:03:47 +0900] "GET /phpmyadmin/js/dist/codemirror/addon/lint/sql-lint.js?v=5.1.0 HTTP/1.1" 200 959 "-" "Mozilla/5.0 (Windows NT 10.0; Win64; x64) AppleWebKit/537.36 (KHTML, like Gecko) Chrome/90.0.4430.85 Safari/537.36"
::1 - - [24/Apr/2021:18:03:47 +0900] "GET /phpmyadmin/js/vendor/codemirror/addon/lint/lint.js?v=5.1.0 HTTP/1.1" 200 9125 "-" "Mozilla/5.0 (Windows NT 10.0; Win64; x64) AppleWebKit/537.36 (KHTML, like Gecko) Chrome/90.0.4430.85 Safari/537.36"
::1 - - [24/Apr/2021:18:03:47 +0900] "GET /phpmyadmin/js/dist/console.js?v=5.1.0 HTTP/1.1" 200 49656 "-" "Mozilla/5.0 (Windows NT 10.0; Win64; x64) AppleWebKit/537.36 (KHTML, like Gecko) Chrome/90.0.4430.85 Safari/537.36"
::1 - - [24/Apr/2021:18:03:47 +0900] "GET /phpmyadmin/js/vendor/codemirror/lib/codemirror.js?v=5.1.0 HTTP/1.1" 200 398241 "-" "Mozilla/5.0 (Windows NT 10.0; Win64; x64) AppleWebKit/537.36 (KHTML, like Gecko) Chrome/90.0.4430.85 Safari/537.36"
::1 - - [24/Apr/2021:18:03:46 +0900] "GET /phpmyadmin/js/messages.php?l=ja&v=5.1.0 HTTP/1.1" 200 10441 "-" "Mozilla/5.0 (Windows NT 10.0; Win64; x64) AppleWebKit/537.36 (KHTML, like Gecko) Chrome/90.0.4430.85 Safari/537.36"
::1 - - [24/Apr/2021:18:03:47 +0900] "GET /phpmyadmin/themes/pmahomme/img/logo_left.png HTTP/1.1" 200 2713 "-" "Mozilla/5.0 (Windows NT 10.0; Win64; x64) AppleWebKit/537.36 (KHTML, like Gecko) Chrome/90.0.4430.85 Safari/537.36"
::1 - - [24/Apr/2021:18:03:47 +0900] "GET /phpmyadmin/themes/dot.gif HTTP/1.1" 200 43 "-" "Mozilla/5.0 (Windows NT 10.0; Win64; x64) AppleWebKit/537.36 (KHTML, like Gecko) Chrome/90.0.4430.85 Safari/537.36"
::1 - - [24/Apr/2021:18:03:47 +0900] "GET /phpmyadmin/themes/pmahomme/css/printview.css?v=5.1.0 HTTP/1.1" 200 1392 "-" "Mozilla/5.0 (Windows NT 10.0; Win64; x64) AppleWebKit/537.36 (KHTML, like Gecko) Chrome/90.0.4430.85 Safari/537.36"
::1 - - [24/Apr/2021:18:03:47 +0900] "GET /phpmyadmin/themes/pmahomme/img/left_nav_bg.png HTTP/1.1" 200 146 "http://localhost/phpmyadmin/themes/pmahomme/css/theme.css?v=5.1.0&nocache=6294638940ltr&server=1" "Mozilla/5.0 (Windows NT 10.0; Win64; x64) AppleWebKit/537.36 (KHTML, like Gecko) Chrome/90.0.4430.85 Safari/537.36"
::1 - - [24/Apr/2021:18:03:47 +0900] "GET /phpmyadmin/themes/pmahomme/img/b_home.png HTTP/1.1" 200 734 "http://localhost/phpmyadmin/themes/pmahomme/css/theme.css?v=5.1.0&nocache=6294638940ltr&server=1" "Mozilla/5.0 (Windows NT 10.0; Win64; x64) AppleWebKit/537.36 (KHTML, like Gecko) Chrome/90.0.4430.85 Safari/537.36"
::1 - - [24/Apr/2021:18:03:47 +0900] "GET /phpmyadmin/themes/pmahomme/img/b_docs.png HTTP/1.1" 200 705 "http://localhost/phpmyadmin/themes/pmahomme/css/theme.css?v=5.1.0&nocache=6294638940ltr&server=1" "Mozilla/5.0 (Windows NT 10.0; Win64; x64) AppleWebKit/537.36 (KHTML, like Gecko) Chrome/90.0.4430.85 Safari/537.36"
::1 - - [24/Apr/2021:18:03:47 +0900] "GET /phpmyadmin/themes/pmahomme/img/s_cog.png HTTP/1.1" 200 442 "http://localhost/phpmyadmin/themes/pmahomme/css/theme.css?v=5.1.0&nocache=6294638940ltr&server=1" "Mozilla/5.0 (Windows NT 10.0; Win64; x64) AppleWebKit/537.36 (KHTML, like Gecko) Chrome/90.0.4430.85 Safari/537.36"
::1 - - [24/Apr/2021:18:03:47 +0900] "GET /phpmyadmin/themes/pmahomme/img/s_reload.png HTTP/1.1" 200 527 "http://localhost/phpmyadmin/themes/pmahomme/css/theme.css?v=5.1.0&nocache=6294638940ltr&server=1" "Mozilla/5.0 (Windows NT 10.0; Win64; x64) AppleWebKit/537.36 (KHTML, like Gecko) Chrome/90.0.4430.85 Safari/537.36"
::1 - - [24/Apr/2021:18:03:47 +0900] "GET /phpmyadmin/themes/pmahomme/img/b_sqlhelp.png HTTP/1.1" 200 512 "http://localhost/phpmyadmin/themes/pmahomme/css/theme.css?v=5.1.0&nocache=6294638940ltr&server=1" "Mozilla/5.0 (Windows NT 10.0; Win64; x64) AppleWebKit/537.36 (KHTML, like Gecko) Chrome/90.0.4430.85 Safari/537.36"
::1 - - [24/Apr/2021:18:03:47 +0900] "GET /phpmyadmin/themes/pmahomme/img/s_loggoff.png HTTP/1.1" 200 626 "http://localhost/phpmyadmin/themes/pmahomme/css/theme.css?v=5.1.0&nocache=6294638940ltr&server=1" "Mozilla/5.0 (Windows NT 10.0; Win64; x64) AppleWebKit/537.36 (KHTML, like Gecko) Chrome/90.0.4430.85 Safari/537.36"
::1 - - [24/Apr/2021:18:03:47 +0900] "GET /phpmyadmin/themes/pmahomme/img/s_link.png HTTP/1.1" 200 280 "http://localhost/phpmyadmin/themes/pmahomme/css/theme.css?v=5.1.0&nocache=6294638940ltr&server=1" "Mozilla/5.0 (Windows NT 10.0; Win64; x64) AppleWebKit/537.36 (KHTML, like Gecko) Chrome/90.0.4430.85 Safari/537.36"
::1 - - [24/Apr/2021:18:03:47 +0900] "GET /phpmyadmin/themes/pmahomme/img/b_plus.png HTTP/1.1" 200 143 "http://localhost/phpmyadmin/themes/pmahomme/css/theme.css?v=5.1.0&nocache=6294638940ltr&server=1" "Mozilla/5.0 (Windows NT 10.0; Win64; x64) AppleWebKit/537.36 (KHTML, like Gecko) Chrome/90.0.4430.85 Safari/537.36"
::1 - - [24/Apr/2021:18:03:47 +0900] "GET /phpmyadmin/themes/pmahomme/img/b_newdb.png HTTP/1.1" 200 585 "http://localhost/phpmyadmin/themes/pmahomme/css/theme.css?v=5.1.0&nocache=6294638940ltr&server=1" "Mozilla/5.0 (Windows NT 10.0; Win64; x64) AppleWebKit/537.36 (KHTML, like Gecko) Chrome/90.0.4430.85 Safari/537.36"
::1 - - [24/Apr/2021:18:03:47 +0900] "GET /phpmyadmin/themes/pmahomme/img/s_db.png HTTP/1.1" 200 328 "http://localhost/phpmyadmin/themes/pmahomme/css/theme.css?v=5.1.0&nocache=6294638940ltr&server=1" "Mozilla/5.0 (Windows NT 10.0; Win64; x64) AppleWebKit/537.36 (KHTML, like Gecko) Chrome/90.0.4430.85 Safari/537.36"
::1 - - [24/Apr/2021:18:03:47 +0900] "GET /phpmyadmin/themes/pmahomme/img/s_host.png HTTP/1.1" 200 591 "http://localhost/phpmyadmin/themes/pmahomme/css/theme.css?v=5.1.0&nocache=6294638940ltr&server=1" "Mozilla/5.0 (Windows NT 10.0; Win64; x64) AppleWebKit/537.36 (KHTML, like Gecko) Chrome/90.0.4430.85 Safari/537.36"
::1 - - [24/Apr/2021:18:03:47 +0900] "GET /phpmyadmin/themes/pmahomme/img/b_sql.png HTTP/1.1" 200 680 "http://localhost/phpmyadmin/themes/pmahomme/css/theme.css?v=5.1.0&nocache=6294638940ltr&server=1" "Mozilla/5.0 (Windows NT 10.0; Win64; x64) AppleWebKit/537.36 (KHTML, like Gecko) Chrome/90.0.4430.85 Safari/537.36"
::1 - - [24/Apr/2021:18:03:47 +0900] "GET /phpmyadmin/themes/pmahomme/img/s_rights.png HTTP/1.1" 200 461 "http://localhost/phpmyadmin/themes/pmahomme/css/theme.css?v=5.1.0&nocache=6294638940ltr&server=1" "Mozilla/5.0 (Windows NT 10.0; Win64; x64) AppleWebKit/537.36 (KHTML, like Gecko) Chrome/90.0.4430.85 Safari/537.36"
::1 - - [24/Apr/2021:18:03:47 +0900] "GET /phpmyadmin/themes/pmahomme/img/b_export.png HTTP/1.1" 200 514 "http://localhost/phpmyadmin/themes/pmahomme/css/theme.css?v=5.1.0&nocache=6294638940ltr&server=1" "Mozilla/5.0 (Windows NT 10.0; Win64; x64) AppleWebKit/537.36 (KHTML, like Gecko) Chrome/90.0.4430.85 Safari/537.36"
::1 - - [24/Apr/2021:18:03:47 +0900] "GET /phpmyadmin/themes/pmahomme/img/s_status.png HTTP/1.1" 200 600 "http://localhost/phpmyadmin/themes/pmahomme/css/theme.css?v=5.1.0&nocache=6294638940ltr&server=1" "Mozilla/5.0 (Windows NT 10.0; Win64; x64) AppleWebKit/537.36 (KHTML, like Gecko) Chrome/90.0.4430.85 Safari/537.36"
::1 - - [24/Apr/2021:18:03:47 +0900] "GET /phpmyadmin/themes/pmahomme/img/b_import.png HTTP/1.1" 200 556 "http://localhost/phpmyadmin/themes/pmahomme/css/theme.css?v=5.1.0&nocache=6294638940ltr&server=1" "Mozilla/5.0 (Windows NT 10.0; Win64; x64) AppleWebKit/537.36 (KHTML, like Gecko) Chrome/90.0.4430.85 Safari/537.36"
::1 - - [24/Apr/2021:18:03:47 +0900] "GET /phpmyadmin/themes/pmahomme/img/b_tblops.png HTTP/1.1" 200 537 "http://localhost/phpmyadmin/themes/pmahomme/css/theme.css?v=5.1.0&nocache=6294638940ltr&server=1" "Mozilla/5.0 (Windows NT 10.0; Win64; x64) AppleWebKit/537.36 (KHTML, like Gecko) Chrome/90.0.4430.85 Safari/537.36"
::1 - - [24/Apr/2021:18:03:47 +0900] "GET /phpmyadmin/themes/pmahomme/img/s_replication.png HTTP/1.1" 200 399 "http://localhost/phpmyadmin/themes/pmahomme/css/theme.css?v=5.1.0&nocache=6294638940ltr&server=1" "Mozilla/5.0 (Windows NT 10.0; Win64; x64) AppleWebKit/537.36 (KHTML, like Gecko) Chrome/90.0.4430.85 Safari/537.36"
::1 - - [24/Apr/2021:18:03:47 +0900] "GET /phpmyadmin/themes/pmahomme/img/s_vars.png HTTP/1.1" 200 523 "http://localhost/phpmyadmin/themes/pmahomme/css/theme.css?v=5.1.0&nocache=6294638940ltr&server=1" "Mozilla/5.0 (Windows NT 10.0; Win64; x64) AppleWebKit/537.36 (KHTML, like Gecko) Chrome/90.0.4430.85 Safari/537.36"
::1 - - [24/Apr/2021:18:03:47 +0900] "GET /phpmyadmin/themes/pmahomme/img/s_asci.png HTTP/1.1" 200 148 "http://localhost/phpmyadmin/themes/pmahomme/css/theme.css?v=5.1.0&nocache=6294638940ltr&server=1" "Mozilla/5.0 (Windows NT 10.0; Win64; x64) AppleWebKit/537.36 (KHTML, like Gecko) Chrome/90.0.4430.85 Safari/537.36"
::1 - - [24/Apr/2021:18:03:47 +0900] "GET /phpmyadmin/themes/pmahomme/img/b_engine.png HTTP/1.1" 200 398 "http://localhost/phpmyadmin/themes/pmahomme/css/theme.css?v=5.1.0&nocache=6294638940ltr&server=1" "Mozilla/5.0 (Windows NT 10.0; Win64; x64) AppleWebKit/537.36 (KHTML, like Gecko) Chrome/90.0.4430.85 Safari/537.36"
::1 - - [24/Apr/2021:18:03:47 +0900] "GET /phpmyadmin/themes/pmahomme/img/console.png HTTP/1.1" 200 292 "http://localhost/phpmyadmin/themes/pmahomme/css/theme.css?v=5.1.0&nocache=6294638940ltr&server=1" "Mozilla/5.0 (Windows NT 10.0; Win64; x64) AppleWebKit/537.36 (KHTML, like Gecko) Chrome/90.0.4430.85 Safari/537.36"
::1 - - [24/Apr/2021:18:03:47 +0900] "GET /phpmyadmin/themes/pmahomme/img/b_plugin.png HTTP/1.1" 200 512 "http://localhost/phpmyadmin/themes/pmahomme/css/theme.css?v=5.1.0&nocache=6294638940ltr&server=1" "Mozilla/5.0 (Windows NT 10.0; Win64; x64) AppleWebKit/537.36 (KHTML, like Gecko) Chrome/90.0.4430.85 Safari/537.36"
::1 - - [24/Apr/2021:18:03:47 +0900] "GET /phpmyadmin/themes/pmahomme/img/s_top.png HTTP/1.1" 200 220 "http://localhost/phpmyadmin/themes/pmahomme/css/theme.css?v=5.1.0&nocache=6294638940ltr&server=1" "Mozilla/5.0 (Windows NT 10.0; Win64; x64) AppleWebKit/537.36 (KHTML, like Gecko) Chrome/90.0.4430.85 Safari/537.36"
::1 - - [24/Apr/2021:18:03:47 +0900] "GET /phpmyadmin/themes/pmahomme/img/b_help.png HTTP/1.1" 200 705 "http://localhost/phpmyadmin/themes/pmahomme/css/theme.css?v=5.1.0&nocache=6294638940ltr&server=1" "Mozilla/5.0 (Windows NT 10.0; Win64; x64) AppleWebKit/537.36 (KHTML, like Gecko) Chrome/90.0.4430.85 Safari/537.36"
::1 - - [24/Apr/2021:18:03:47 +0900] "GET /phpmyadmin/themes/pmahomme/img/s_lang.png HTTP/1.1" 200 659 "http://localhost/phpmyadmin/themes/pmahomme/css/theme.css?v=5.1.0&nocache=6294638940ltr&server=1" "Mozilla/5.0 (Windows NT 10.0; Win64; x64) AppleWebKit/537.36 (KHTML, like Gecko) Chrome/90.0.4430.85 Safari/537.36"
::1 - - [24/Apr/2021:18:03:47 +0900] "GET /phpmyadmin/themes/pmahomme/img/s_theme.png HTTP/1.1" 200 772 "http://localhost/phpmyadmin/themes/pmahomme/css/theme.css?v=5.1.0&nocache=6294638940ltr&server=1" "Mozilla/5.0 (Windows NT 10.0; Win64; x64) AppleWebKit/537.36 (KHTML, like Gecko) Chrome/90.0.4430.85 Safari/537.36"
::1 - - [24/Apr/2021:18:03:47 +0900] "GET /phpmyadmin/themes/pmahomme/img/window-new.png HTTP/1.1" 200 468 "http://localhost/phpmyadmin/themes/pmahomme/css/theme.css?v=5.1.0&nocache=6294638940ltr&server=1" "Mozilla/5.0 (Windows NT 10.0; Win64; x64) AppleWebKit/537.36 (KHTML, like Gecko) Chrome/90.0.4430.85 Safari/537.36"
::1 - - [24/Apr/2021:18:03:47 +0900] "POST /phpmyadmin/index.php?route=/config/get HTTP/1.1" 200 1711 "-" "Mozilla/5.0 (Windows NT 10.0; Win64; x64) AppleWebKit/537.36 (KHTML, like Gecko) Chrome/90.0.4430.85 Safari/537.36"
::1 - - [24/Apr/2021:18:03:47 +0900] "POST /phpmyadmin/index.php?route=/navigation&ajax_request=1 HTTP/1.1" 200 2624 "-" "Mozilla/5.0 (Windows NT 10.0; Win64; x64) AppleWebKit/537.36 (KHTML, like Gecko) Chrome/90.0.4430.85 Safari/537.36"
::1 - - [24/Apr/2021:18:03:47 +0900] "POST /phpmyadmin/index.php?route=/version-check HTTP/1.1" 200 64 "-" "Mozilla/5.0 (Windows NT 10.0; Win64; x64) AppleWebKit/537.36 (KHTML, like Gecko) Chrome/90.0.4430.85 Safari/537.36"
::1 - - [24/Apr/2021:18:03:47 +0900] "POST /phpmyadmin/index.php?route=/config/get HTTP/1.1" 200 1802 "-" "Mozilla/5.0 (Windows NT 10.0; Win64; x64) AppleWebKit/537.36 (KHTML, like Gecko) Chrome/90.0.4430.85 Safari/537.36"
::1 - - [24/Apr/2021:18:03:47 +0900] "POST /phpmyadmin/index.php?route=/database/structure/favorite-table&ajax_request=1&favorite_table=1&sync_favorite_tables=1 HTTP/1.1" 200 192 "-" "Mozilla/5.0 (Windows NT 10.0; Win64; x64) AppleWebKit/537.36 (KHTML, like Gecko) Chrome/90.0.4430.85 Safari/537.36"
::1 - - [24/Apr/2021:18:03:47 +0900] "POST /phpmyadmin/index.php?route=/config/set HTTP/1.1" 200 1703 "-" "Mozilla/5.0 (Windows NT 10.0; Win64; x64) AppleWebKit/537.36 (KHTML, like Gecko) Chrome/90.0.4430.85 Safari/537.36"
::1 - - [24/Apr/2021:18:04:05 +0900] "GET /phpmyadmin/themes/pmahomme/img/ajax_clock_small.gif HTTP/1.1" 200 1810 "http://localhost/phpmyadmin/themes/pmahomme/css/theme.css?v=5.1.0&nocache=6294638940ltr&server=1" "Mozilla/5.0 (Windows NT 10.0; Win64; x64) AppleWebKit/537.36 (KHTML, like Gecko) Chrome/90.0.4430.85 Safari/537.36"
::1 - - [24/Apr/2021:18:04:05 +0900] "GET /phpmyadmin/index.php?route=/server/databases&server=1&ajax_request=true&ajax_page_request=true&_nocache=1619255045837483677&token=2d6044272f216c726b5b7c6b7e566758 HTTP/1.1" 200 8463 "-" "Mozilla/5.0 (Windows NT 10.0; Win64; x64) AppleWebKit/537.36 (KHTML, like Gecko) Chrome/90.0.4430.85 Safari/537.36"
::1 - - [24/Apr/2021:18:04:06 +0900] "GET /phpmyadmin/themes/pmahomme/img/s_asc.png HTTP/1.1" 200 146 "http://localhost/phpmyadmin/themes/pmahomme/css/theme.css?v=5.1.0&nocache=6294638940ltr&server=1" "Mozilla/5.0 (Windows NT 10.0; Win64; x64) AppleWebKit/537.36 (KHTML, like Gecko) Chrome/90.0.4430.85 Safari/537.36"
::1 - - [24/Apr/2021:18:04:06 +0900] "GET /phpmyadmin/themes/pmahomme/img/s_notice.png HTTP/1.1" 200 567 "http://localhost/phpmyadmin/themes/pmahomme/css/theme.css?v=5.1.0&nocache=6294638940ltr&server=1" "Mozilla/5.0 (Windows NT 10.0; Win64; x64) AppleWebKit/537.36 (KHTML, like Gecko) Chrome/90.0.4430.85 Safari/537.36"
::1 - - [24/Apr/2021:18:04:06 +0900] "GET /phpmyadmin/themes/pmahomme/img/b_deltbl.png HTTP/1.1" 200 577 "http://localhost/phpmyadmin/themes/pmahomme/css/theme.css?v=5.1.0&nocache=6294638940ltr&server=1" "Mozilla/5.0 (Windows NT 10.0; Win64; x64) AppleWebKit/537.36 (KHTML, like Gecko) Chrome/90.0.4430.85 Safari/537.36"
::1 - - [24/Apr/2021:18:04:06 +0900] "GET /phpmyadmin/themes/pmahomme/img/arrow_ltr.png HTTP/1.1" 200 101 "-" "Mozilla/5.0 (Windows NT 10.0; Win64; x64) AppleWebKit/537.36 (KHTML, like Gecko) Chrome/90.0.4430.85 Safari/537.36"
::1 - - [24/Apr/2021:18:04:06 +0900] "GET /phpmyadmin/js/dist/server/databases.js?v=5.1.0 HTTP/1.1" 200 4917 "-" "Mozilla/5.0 (Windows NT 10.0; Win64; x64) AppleWebKit/537.36 (KHTML, like Gecko) Chrome/90.0.4430.85 Safari/537.36"
