[Fri Apr 23 19:36:59.476689 2021] [ssl:warn] [pid 9880:tid 616] AH01909: www.example.com:443:0 server certificate does NOT include an ID which matches the server name
[Fri Apr 23 19:36:59.507171 2021] [ssl:warn] [pid 9880:tid 616] AH01909: www.example.com:443:0 server certificate does NOT include an ID which matches the server name
[Fri Apr 23 19:36:59.549054 2021] [mpm_winnt:notice] [pid 9880:tid 616] AH00455: Apache/2.4.46 (Win64) OpenSSL/1.1.1j PHP/8.0.3 configured -- resuming normal operations
[Fri Apr 23 19:36:59.549054 2021] [mpm_winnt:notice] [pid 9880:tid 616] AH00456: Apache Lounge VS16 Server built: Feb 17 2021 13:11:14
[Fri Apr 23 19:36:59.549054 2021] [core:notice] [pid 9880:tid 616] AH00094: Command line: 'c:\\users\\itomari\\xampp\\apache\\bin\\httpd.exe -d C:/Users/itomari/xampp/apache'
[Fri Apr 23 19:36:59.554040 2021] [mpm_winnt:notice] [pid 9880:tid 616] AH00418: Parent: Created child process 3476
[Fri Apr 23 19:36:59.788682 2021] [ssl:warn] [pid 3476:tid 664] AH01909: www.example.com:443:0 server certificate does NOT include an ID which matches the server name
[Fri Apr 23 19:36:59.818113 2021] [ssl:warn] [pid 3476:tid 664] AH01909: www.example.com:443:0 server certificate does NOT include an ID which matches the server name
[Fri Apr 23 19:36:59.834068 2021] [mpm_winnt:notice] [pid 3476:tid 664] AH00354: Child: Starting 150 worker threads.
[Sat Apr 24 17:43:51.568124 2021] [ssl:warn] [pid 22008:tid 556] AH01909: www.example.com:443:0 server certificate does NOT include an ID which matches the server name
[Sat Apr 24 17:43:51.603030 2021] [core:warn] [pid 22008:tid 556] AH00098: pid file C:/Users/itomari/xampp/apache/logs/httpd.pid overwritten -- Unclean shutdown of previous Apache run?
[Sat Apr 24 17:43:51.603999 2021] [ssl:warn] [pid 22008:tid 556] AH01909: www.example.com:443:0 server certificate does NOT include an ID which matches the server name
[Sat Apr 24 17:43:51.630639 2021] [mpm_winnt:notice] [pid 22008:tid 556] AH00455: Apache/2.4.46 (Win64) OpenSSL/1.1.1j PHP/8.0.3 configured -- resuming normal operations
[Sat Apr 24 17:43:51.630639 2021] [mpm_winnt:notice] [pid 22008:tid 556] AH00456: Apache Lounge VS16 Server built: Feb 17 2021 13:11:14
[Sat Apr 24 17:43:51.630639 2021] [core:notice] [pid 22008:tid 556] AH00094: Command line: 'c:\\users\\itomari\\xampp\\apache\\bin\\httpd.exe -d C:/Users/itomari/xampp/apache'
[Sat Apr 24 17:43:51.632634 2021] [mpm_winnt:notice] [pid 22008:tid 556] AH00418: Parent: Created child process 2308
[Sat Apr 24 17:43:51.904936 2021] [ssl:warn] [pid 2308:tid 652] AH01909: www.example.com:443:0 server certificate does NOT include an ID which matches the server name
[Sat Apr 24 17:43:51.939844 2021] [ssl:warn] [pid 2308:tid 652] AH01909: www.example.com:443:0 server certificate does NOT include an ID which matches the server name
[Sat Apr 24 17:43:51.960757 2021] [mpm_winnt:notice] [pid 2308:tid 652] AH00354: Child: Starting 150 worker threads.
[Sat Apr 24 17:53:21.296130 2021] [ssl:warn] [pid 12452:tid 580] AH01909: www.example.com:443:0 server certificate does NOT include an ID which matches the server name
[Sat Apr 24 17:53:21.330069 2021] [core:warn] [pid 12452:tid 580] AH00098: pid file C:/Users/itomari/xampp/apache/logs/httpd.pid overwritten -- Unclean shutdown of previous Apache run?
[Sat Apr 24 17:53:21.332033 2021] [ssl:warn] [pid 12452:tid 580] AH01909: www.example.com:443:0 server certificate does NOT include an ID which matches the server name
[Sat Apr 24 17:53:21.350255 2021] [mpm_winnt:notice] [pid 12452:tid 580] AH00455: Apache/2.4.46 (Win64) OpenSSL/1.1.1j PHP/8.0.3 configured -- resuming normal operations
[Sat Apr 24 17:53:21.350255 2021] [mpm_winnt:notice] [pid 12452:tid 580] AH00456: Apache Lounge VS16 Server built: Feb 17 2021 13:11:14
[Sat Apr 24 17:53:21.350255 2021] [core:notice] [pid 12452:tid 580] AH00094: Command line: 'c:\\users\\itomari\\xampp\\apache\\bin\\httpd.exe -d C:/Users/itomari/xampp/apache'
[Sat Apr 24 17:53:21.352250 2021] [mpm_winnt:notice] [pid 12452:tid 580] AH00418: Parent: Created child process 18188
[Sat Apr 24 17:53:21.624152 2021] [ssl:warn] [pid 18188:tid 640] AH01909: www.example.com:443:0 server certificate does NOT include an ID which matches the server name
[Sat Apr 24 17:53:21.659058 2021] [ssl:warn] [pid 18188:tid 640] AH01909: www.example.com:443:0 server certificate does NOT include an ID which matches the server name
[Sat Apr 24 17:53:21.678010 2021] [mpm_winnt:notice] [pid 18188:tid 640] AH00354: Child: Starting 150 worker threads.
