[23/Apr/2021:21:37:00 +0900] ::1 TLSv1.3 TLS_AES_256_GCM_SHA384 "GET / HTTP/1.1" 611
[23/Apr/2021:21:37:00 +0900] ::1 TLSv1.3 TLS_AES_256_GCM_SHA384 "GET /css/bootstrap.min.css HTTP/1.1" 296
[23/Apr/2021:21:37:00 +0900] ::1 TLSv1.3 TLS_AES_256_GCM_SHA384 "GET /js/bootstrap.min.js HTTP/1.1" 296
[23/Apr/2021:21:37:00 +0900] ::1 TLSv1.3 TLS_AES_256_GCM_SHA384 "GET /js/bootstrap.min.js HTTP/1.1" 296
[23/Apr/2021:21:56:59 +0900] ::1 TLSv1.3 TLS_AES_256_GCM_SHA384 "GET / HTTP/1.1" 611
[23/Apr/2021:21:56:59 +0900] ::1 TLSv1.3 TLS_AES_256_GCM_SHA384 "GET /css/bootstrap.min.css HTTP/1.1" 154875
[23/Apr/2021:21:56:59 +0900] ::1 TLSv1.3 TLS_AES_256_GCM_SHA384 "GET /js/bootstrap.min.js HTTP/1.1" 61893
[24/Apr/2021:17:46:25 +0900] ::1 TLSv1.3 TLS_AES_256_GCM_SHA384 "GET // HTTP/1.1" 952
[24/Apr/2021:17:46:25 +0900] ::1 TLSv1.3 TLS_AES_256_GCM_SHA384 "GET //css/bootstrap.min.css HTTP/1.1" 154875
[24/Apr/2021:17:46:25 +0900] ::1 TLSv1.3 TLS_AES_256_GCM_SHA384 "GET //js/bootstrap.min.js HTTP/1.1" 61893
[24/Apr/2021:17:46:25 +0900] ::1 TLSv1.3 TLS_AES_256_GCM_SHA384 "GET //css/sample.css HTTP/1.1" 34
[24/Apr/2021:17:46:25 +0900] ::1 TLSv1.3 TLS_AES_256_GCM_SHA384 "GET //img/anime.jpg HTTP/1.1" 117550
[24/Apr/2021:17:53:21 +0900] ::1 TLSv1.3 TLS_AES_256_GCM_SHA384 "GET /laravel/projectivern/public HTTP/1.1" 296
[24/Apr/2021:17:53:34 +0900] ::1 TLSv1.3 TLS_AES_256_GCM_SHA384 "GET /laravel/projectivern/public HTTP/1.1" 296
[24/Apr/2021:17:53:34 +0900] ::1 TLSv1.3 TLS_AES_256_GCM_SHA384 "GET /favicon.ico HTTP/1.1" 30894
[24/Apr/2021:17:53:38 +0900] ::1 TLSv1.3 TLS_AES_256_GCM_SHA384 "GET /laravel/projectivern/public HTTP/1.1" 296
[24/Apr/2021:17:53:38 +0900] ::1 TLSv1.3 TLS_AES_256_GCM_SHA384 "GET /favicon.ico HTTP/1.1" 30894
[24/Apr/2021:17:55:20 +0900] ::1 TLSv1.3 TLS_AES_256_GCM_SHA384 "GET /laravel/projectivern/public HTTP/1.1" 296
[24/Apr/2021:17:55:20 +0900] ::1 TLSv1.3 TLS_AES_256_GCM_SHA384 "GET /favicon.ico HTTP/1.1" 30894
[24/Apr/2021:17:55:21 +0900] ::1 TLSv1.3 TLS_AES_256_GCM_SHA384 "GET /laravel/projectivern/public HTTP/1.1" 296
[24/Apr/2021:17:55:21 +0900] ::1 TLSv1.3 TLS_AES_256_GCM_SHA384 "GET /favicon.ico HTTP/1.1" 30894
[24/Apr/2021:17:55:28 +0900] ::1 TLSv1.3 TLS_AES_256_GCM_SHA384 "GET / HTTP/1.1" 952
[24/Apr/2021:17:55:28 +0900] ::1 TLSv1.3 TLS_AES_256_GCM_SHA384 "GET /css/bootstrap.min.css HTTP/1.1" 154875
[24/Apr/2021:17:55:28 +0900] ::1 TLSv1.3 TLS_AES_256_GCM_SHA384 "GET /css/sample.css HTTP/1.1" 34
[24/Apr/2021:17:55:28 +0900] ::1 TLSv1.3 TLS_AES_256_GCM_SHA384 "GET /js/bootstrap.min.js HTTP/1.1" 61893
[24/Apr/2021:17:55:28 +0900] ::1 TLSv1.3 TLS_AES_256_GCM_SHA384 "GET /img/anime.jpg HTTP/1.1" 117550
[24/Apr/2021:18:01:47 +0900] ::1 TLSv1.3 TLS_AES_256_GCM_SHA384 "GET /laravel/projectivern/public HTTP/1.1" 354
[24/Apr/2021:18:01:47 +0900] ::1 TLSv1.3 TLS_AES_256_GCM_SHA384 "GET /laravel/projectivern/public/ HTTP/1.1" 17490
